{"C:\\Users\\jonat\\OneDrive\\Desktop\\prod-log\\src\\components\\confirm-delete.tsx": {"path":"C:\\Users\\jonat\\OneDrive\\Desktop\\prod-log\\src\\components\\confirm-delete.tsx","statementMap":{"0":{"start":{"line":32,"column":1},"end":{"line":52,"column":null}},"1":{"start":{"line":44,"column":7},"end":{"line":44,"column":null}},"2":{"start":{"line":45,"column":7},"end":{"line":45,"column":null}}},"fnMap":{"0":{"name":"ConfirmDelete","decl":{"start":{"line":24,"column":16},"end":{"line":24,"column":30}},"loc":{"start":{"line":31,"column":23},"end":{"line":54,"column":null}},"line":31},"1":{"name":"(anonymous_1)","decl":{"start":{"line":43,"column":6},"end":{"line":43,"column":16}},"loc":{"start":{"line":43,"column":22},"end":{"line":46,"column":null}},"line":43}},"branchMap":{"0":{"loc":{"start":{"line":26,"column":1},"end":{"line":26,"column":null}},"type":"default-arg","locations":[{"start":{"line":26,"column":9},"end":{"line":26,"column":null}}],"line":26},"1":{"loc":{"start":{"line":27,"column":1},"end":{"line":27,"column":null}},"type":"default-arg","locations":[{"start":{"line":27,"column":15},"end":{"line":27,"column":null}}],"line":27},"2":{"loc":{"start":{"line":28,"column":1},"end":{"line":28,"column":null}},"type":"default-arg","locations":[{"start":{"line":28,"column":16},"end":{"line":28,"column":null}}],"line":28},"3":{"loc":{"start":{"line":29,"column":1},"end":{"line":29,"column":null}},"type":"default-arg","locations":[{"start":{"line":29,"column":15},"end":{"line":29,"column":null}}],"line":29}},"s":{"0":5,"1":1,"2":1},"f":{"0":5,"1":1},"b":{"0":[5],"1":[5],"2":[5],"3":[5]},"meta":{"lastBranch":4,"lastFunction":2,"lastStatement":3,"seen":{"f:24:16:24:30":0,"b:26:9:26:Infinity":0,"b:27:15:27:Infinity":1,"b:28:16:28:Infinity":2,"b:29:15:29:Infinity":3,"s:32:1:52:Infinity":0,"f:43:6:43:16":1,"s:44:7:44:Infinity":1,"s:45:7:45:Infinity":2},"fnNames":{}}}
,"C:\\Users\\jonat\\OneDrive\\Desktop\\prod-log\\src\\components\\data-table.tsx": {"path":"C:\\Users\\jonat\\OneDrive\\Desktop\\prod-log\\src\\components\\data-table.tsx","statementMap":{"0":{"start":{"line":27,"column":26},"end":{"line":27,"column":null}},"1":{"start":{"line":28,"column":26},"end":{"line":28,"column":null}},"2":{"start":{"line":43,"column":7},"end":{"line":51,"column":null}},"3":{"start":{"line":53,"column":33},"end":{"line":53,"column":null}},"4":{"start":{"line":54,"column":19},"end":{"line":54,"column":null}},"5":{"start":{"line":55,"column":19},"end":{"line":55,"column":null}},"6":{"start":{"line":56,"column":18},"end":{"line":56,"column":null}},"7":{"start":{"line":57,"column":17},"end":{"line":57,"column":null}},"8":{"start":{"line":59,"column":1},"end":{"line":160,"column":null}},"9":{"start":{"line":65,"column":7},"end":{"line":76,"column":null}},"10":{"start":{"line":67,"column":9},"end":{"line":74,"column":null}},"11":{"start":{"line":91,"column":8},"end":{"line":100,"column":null}},"12":{"start":{"line":93,"column":10},"end":{"line":98,"column":null}},"13":{"start":{"line":112,"column":28},"end":{"line":112,"column":null}},"14":{"start":{"line":119,"column":8},"end":{"line":121,"column":null}},"15":{"start":{"line":137,"column":22},"end":{"line":137,"column":null}},"16":{"start":{"line":151,"column":22},"end":{"line":151,"column":null}}},"fnMap":{"0":{"name":"DataTable","decl":{"start":{"line":37,"column":16},"end":{"line":37,"column":33}},"loc":{"start":{"line":42,"column":26},"end":{"line":162,"column":null}},"line":42},"1":{"name":"(anonymous_1)","decl":{"start":{"line":64,"column":31},"end":{"line":64,"column":36}},"loc":{"start":{"line":65,"column":7},"end":{"line":76,"column":null}},"line":65},"2":{"name":"(anonymous_2)","decl":{"start":{"line":66,"column":23},"end":{"line":66,"column":28}},"loc":{"start":{"line":67,"column":9},"end":{"line":74,"column":null}},"line":67},"3":{"name":"(anonymous_3)","decl":{"start":{"line":90,"column":32},"end":{"line":90,"column":37}},"loc":{"start":{"line":91,"column":8},"end":{"line":100,"column":null}},"line":91},"4":{"name":"(anonymous_4)","decl":{"start":{"line":92,"column":32},"end":{"line":92,"column":37}},"loc":{"start":{"line":93,"column":10},"end":{"line":98,"column":null}},"line":93},"5":{"name":"(anonymous_5)","decl":{"start":{"line":112,"column":6},"end":{"line":112,"column":22}},"loc":{"start":{"line":112,"column":28},"end":{"line":112,"column":null}},"line":112},"6":{"name":"(anonymous_6)","decl":{"start":{"line":118,"column":26},"end":{"line":118,"column":31}},"loc":{"start":{"line":119,"column":8},"end":{"line":121,"column":null}},"line":119},"7":{"name":"(anonymous_7)","decl":{"start":{"line":137,"column":7},"end":{"line":137,"column":22}},"loc":{"start":{"line":137,"column":22},"end":{"line":137,"column":null}},"line":137},"8":{"name":"(anonymous_8)","decl":{"start":{"line":151,"column":7},"end":{"line":151,"column":22}},"loc":{"start":{"line":151,"column":22},"end":{"line":151,"column":null}},"line":151}},"branchMap":{"0":{"loc":{"start":{"line":40,"column":1},"end":{"line":40,"column":null}},"type":"default-arg","locations":[{"start":{"line":40,"column":16},"end":{"line":40,"column":null}}],"line":40},"1":{"loc":{"start":{"line":41,"column":1},"end":{"line":41,"column":null}},"type":"default-arg","locations":[{"start":{"line":41,"column":19},"end":{"line":41,"column":null}}],"line":41},"2":{"loc":{"start":{"line":55,"column":19},"end":{"line":55,"column":null}},"type":"binary-expr","locations":[{"start":{"line":55,"column":19},"end":{"line":55,"column":43}},{"start":{"line":55,"column":43},"end":{"line":55,"column":null}}],"line":55},"3":{"loc":{"start":{"line":56,"column":18},"end":{"line":56,"column":null}},"type":"cond-expr","locations":[{"start":{"line":56,"column":36},"end":{"line":56,"column":40}},{"start":{"line":56,"column":40},"end":{"line":56,"column":null}}],"line":56},"4":{"loc":{"start":{"line":68,"column":11},"end":{"line":73,"column":null}},"type":"cond-expr","locations":[{"start":{"line":69,"column":13},"end":{"line":69,"column":null}},{"start":{"line":69,"column":13},"end":{"line":73,"column":null}}],"line":68},"5":{"loc":{"start":{"line":80,"column":7},"end":{"line":101,"column":null}},"type":"cond-expr","locations":[{"start":{"line":81,"column":7},"end":{"line":90,"column":13}},{"start":{"line":90,"column":7},"end":{"line":101,"column":null}}],"line":80}},"s":{"0":1,"1":1,"2":7,"3":7,"4":7,"5":7,"6":7,"7":7,"8":7,"9":7,"10":14,"11":22,"12":44,"13":0,"14":28,"15":0,"16":0},"f":{"0":7,"1":7,"2":14,"3":22,"4":44,"5":0,"6":28,"7":0,"8":0},"b":{"0":[7],"1":[7],"2":[7,2],"3":[2,5],"4":[0,14],"5":[2,5]},"meta":{"lastBranch":6,"lastFunction":9,"lastStatement":17,"seen":{"s:27:26:27:Infinity":0,"s:28:26:28:Infinity":1,"f:37:16:37:33":0,"b:40:16:40:Infinity":0,"b:41:19:41:Infinity":1,"s:43:7:51:Infinity":2,"s:53:33:53:Infinity":3,"s:54:19:54:Infinity":4,"s:55:19:55:Infinity":5,"b:55:19:55:43:55:43:55:Infinity":2,"s:56:18:56:Infinity":6,"b:56:36:56:40:56:40:56:Infinity":3,"s:57:17:57:Infinity":7,"s:59:1:160:Infinity":8,"f:64:31:64:36":1,"s:65:7:76:Infinity":9,"f:66:23:66:28":2,"s:67:9:74:Infinity":10,"b:69:13:69:Infinity:69:13:73:Infinity":4,"b:81:7:90:13:90:7:101:Infinity":5,"f:90:32:90:37":3,"s:91:8:100:Infinity":11,"f:92:32:92:37":4,"s:93:10:98:Infinity":12,"f:112:6:112:22":5,"s:112:28:112:Infinity":13,"f:118:26:118:31":6,"s:119:8:121:Infinity":14,"f:137:7:137:22":7,"s:137:22:137:Infinity":15,"f:151:7:151:22":8,"s:151:22:151:Infinity":16},"fnNames":{}}}
,"C:\\Users\\jonat\\OneDrive\\Desktop\\prod-log\\src\\components\\sidebar.tsx": {"path":"C:\\Users\\jonat\\OneDrive\\Desktop\\prod-log\\src\\components\\sidebar.tsx","statementMap":{"0":{"start":{"line":7,"column":1},"end":{"line":43,"column":null}}},"fnMap":{"0":{"name":"Sidebar","decl":{"start":{"line":6,"column":16},"end":{"line":6,"column":26}},"loc":{"start":{"line":6,"column":26},"end":{"line":45,"column":null}},"line":6}},"branchMap":{},"s":{"0":0},"f":{"0":0},"b":{},"meta":{"lastBranch":0,"lastFunction":1,"lastStatement":1,"seen":{"f:6:16:6:26":0,"s:7:1:43:Infinity":0},"fnNames":{}}}
,"C:\\Users\\jonat\\OneDrive\\Desktop\\prod-log\\src\\components\\theme-toggle.tsx": {"path":"C:\\Users\\jonat\\OneDrive\\Desktop\\prod-log\\src\\components\\theme-toggle.tsx","statementMap":{"0":{"start":{"line":8,"column":7},"end":{"line":8,"column":null}},"1":{"start":{"line":9,"column":1},"end":{"line":22,"column":null}}},"fnMap":{"0":{"name":"ThemeToggle","decl":{"start":{"line":7,"column":16},"end":{"line":7,"column":30}},"loc":{"start":{"line":7,"column":30},"end":{"line":24,"column":null}},"line":7}},"branchMap":{"0":{"loc":{"start":{"line":15,"column":15},"end":{"line":15,"column":null}},"type":"cond-expr","locations":[{"start":{"line":15,"column":34},"end":{"line":15,"column":49}},{"start":{"line":15,"column":49},"end":{"line":15,"column":null}}],"line":15},"1":{"loc":{"start":{"line":17,"column":4},"end":{"line":20,"column":null}},"type":"cond-expr","locations":[{"start":{"line":18,"column":4},"end":{"line":20,"column":5}},{"start":{"line":20,"column":4},"end":{"line":20,"column":null}}],"line":17}},"s":{"0":2,"1":2},"f":{"0":2},"b":{"0":[0,2],"1":[0,2]},"meta":{"lastBranch":2,"lastFunction":1,"lastStatement":2,"seen":{"f:7:16:7:30":0,"s:8:7:8:Infinity":0,"s:9:1:22:Infinity":1,"b:15:34:15:49:15:49:15:Infinity":0,"b:18:4:20:5:20:4:20:Infinity":1},"fnNames":{}}}
,"C:\\Users\\jonat\\OneDrive\\Desktop\\prod-log\\src\\components\\top-bar.tsx": {"path":"C:\\Users\\jonat\\OneDrive\\Desktop\\prod-log\\src\\components\\top-bar.tsx","statementMap":{"0":{"start":{"line":10,"column":7},"end":{"line":10,"column":null}},"1":{"start":{"line":13,"column":2},"end":{"line":20,"column":null}},"2":{"start":{"line":14,"column":3},"end":{"line":14,"column":null}},"3":{"start":{"line":15,"column":3},"end":{"line":15,"column":null}},"4":{"start":{"line":16,"column":3},"end":{"line":16,"column":null}},"5":{"start":{"line":17,"column":3},"end":{"line":17,"column":null}},"6":{"start":{"line":19,"column":3},"end":{"line":19,"column":null}},"7":{"start":{"line":23,"column":1},"end":{"line":33,"column":null}}},"fnMap":{"0":{"name":"TopBar","decl":{"start":{"line":9,"column":16},"end":{"line":9,"column":23}},"loc":{"start":{"line":9,"column":59},"end":{"line":35,"column":null}},"line":9},"1":{"name":"handleLogout","decl":{"start":{"line":12,"column":16},"end":{"line":12,"column":31}},"loc":{"start":{"line":12,"column":31},"end":{"line":21,"column":null}},"line":12}},"branchMap":{},"s":{"0":3,"1":2,"2":2,"3":1,"4":1,"5":1,"6":1,"7":3},"f":{"0":3,"1":2},"b":{},"meta":{"lastBranch":0,"lastFunction":2,"lastStatement":8,"seen":{"f:9:16:9:23":0,"s:10:7:10:Infinity":0,"f:12:16:12:31":1,"s:13:2:20:Infinity":1,"s:14:3:14:Infinity":2,"s:15:3:15:Infinity":3,"s:16:3:16:Infinity":4,"s:17:3:17:Infinity":5,"s:19:3:19:Infinity":6,"s:23:1:33:Infinity":7},"fnNames":{}}}
,"C:\\Users\\jonat\\OneDrive\\Desktop\\prod-log\\src\\components\\ui\\alert-dialog.tsx": {"path":"C:\\Users\\jonat\\OneDrive\\Desktop\\prod-log\\src\\components\\ui\\alert-dialog.tsx","statementMap":{"0":{"start":{"line":9,"column":1},"end":{"line":9,"column":null}},"1":{"start":{"line":15,"column":1},"end":{"line":16,"column":null}},"2":{"start":{"line":23,"column":1},"end":{"line":24,"column":null}},"3":{"start":{"line":32,"column":1},"end":{"line":40,"column":null}},"4":{"start":{"line":51,"column":1},"end":{"line":63,"column":null}},"5":{"start":{"line":71,"column":1},"end":{"line":79,"column":null}},"6":{"start":{"line":87,"column":1},"end":{"line":95,"column":null}},"7":{"start":{"line":103,"column":1},"end":{"line":111,"column":null}},"8":{"start":{"line":119,"column":1},"end":{"line":124,"column":null}},"9":{"start":{"line":132,"column":1},"end":{"line":140,"column":null}},"10":{"start":{"line":151,"column":1},"end":{"line":158,"column":null}},"11":{"start":{"line":169,"column":1},"end":{"line":176,"column":null}}},"fnMap":{"0":{"name":"AlertDialog","decl":{"start":{"line":6,"column":9},"end":{"line":6,"column":21}},"loc":{"start":{"line":8,"column":59},"end":{"line":10,"column":null}},"line":8},"1":{"name":"AlertDialogTrigger","decl":{"start":{"line":12,"column":9},"end":{"line":12,"column":28}},"loc":{"start":{"line":14,"column":62},"end":{"line":18,"column":null}},"line":14},"2":{"name":"AlertDialogPortal","decl":{"start":{"line":20,"column":9},"end":{"line":20,"column":27}},"loc":{"start":{"line":22,"column":61},"end":{"line":26,"column":null}},"line":22},"3":{"name":"AlertDialogOverlay","decl":{"start":{"line":28,"column":9},"end":{"line":28,"column":28}},"loc":{"start":{"line":31,"column":62},"end":{"line":42,"column":null}},"line":31},"4":{"name":"AlertDialogContent","decl":{"start":{"line":44,"column":9},"end":{"line":44,"column":28}},"loc":{"start":{"line":50,"column":3},"end":{"line":65,"column":null}},"line":50},"5":{"name":"AlertDialogHeader","decl":{"start":{"line":67,"column":9},"end":{"line":67,"column":27}},"loc":{"start":{"line":70,"column":32},"end":{"line":81,"column":null}},"line":70},"6":{"name":"AlertDialogFooter","decl":{"start":{"line":83,"column":9},"end":{"line":83,"column":27}},"loc":{"start":{"line":86,"column":32},"end":{"line":97,"column":null}},"line":86},"7":{"name":"AlertDialogTitle","decl":{"start":{"line":99,"column":9},"end":{"line":99,"column":26}},"loc":{"start":{"line":102,"column":60},"end":{"line":113,"column":null}},"line":102},"8":{"name":"AlertDialogDescription","decl":{"start":{"line":115,"column":9},"end":{"line":115,"column":32}},"loc":{"start":{"line":118,"column":66},"end":{"line":126,"column":null}},"line":118},"9":{"name":"AlertDialogMedia","decl":{"start":{"line":128,"column":9},"end":{"line":128,"column":26}},"loc":{"start":{"line":131,"column":32},"end":{"line":142,"column":null}},"line":131},"10":{"name":"AlertDialogAction","decl":{"start":{"line":144,"column":9},"end":{"line":144,"column":27}},"loc":{"start":{"line":150,"column":64},"end":{"line":160,"column":null}},"line":150},"11":{"name":"AlertDialogCancel","decl":{"start":{"line":162,"column":9},"end":{"line":162,"column":27}},"loc":{"start":{"line":168,"column":64},"end":{"line":178,"column":null}},"line":168}},"branchMap":{"0":{"loc":{"start":{"line":46,"column":1},"end":{"line":46,"column":null}},"type":"default-arg","locations":[{"start":{"line":46,"column":8},"end":{"line":46,"column":null}}],"line":46},"1":{"loc":{"start":{"line":146,"column":1},"end":{"line":146,"column":null}},"type":"default-arg","locations":[{"start":{"line":146,"column":11},"end":{"line":146,"column":null}}],"line":146},"2":{"loc":{"start":{"line":147,"column":1},"end":{"line":147,"column":null}},"type":"default-arg","locations":[{"start":{"line":147,"column":8},"end":{"line":147,"column":null}}],"line":147},"3":{"loc":{"start":{"line":164,"column":1},"end":{"line":164,"column":null}},"type":"default-arg","locations":[{"start":{"line":164,"column":11},"end":{"line":164,"column":null}}],"line":164},"4":{"loc":{"start":{"line":165,"column":1},"end":{"line":165,"column":null}},"type":"default-arg","locations":[{"start":{"line":165,"column":8},"end":{"line":165,"column":null}}],"line":165}},"s":{"0":5,"1":5,"2":5,"3":8,"4":5,"5":4,"6":4,"7":4,"8":4,"9":0,"10":4,"11":4},"f":{"0":5,"1":5,"2":5,"3":8,"4":5,"5":4,"6":4,"7":4,"8":4,"9":0,"10":4,"11":4},"b":{"0":[5],"1":[4],"2":[4],"3":[4],"4":[4]},"meta":{"lastBranch":5,"lastFunction":12,"lastStatement":12,"seen":{"f:6:9:6:21":0,"s:9:1:9:Infinity":0,"f:12:9:12:28":1,"s:15:1:16:Infinity":1,"f:20:9:20:27":2,"s:23:1:24:Infinity":2,"f:28:9:28:28":3,"s:32:1:40:Infinity":3,"f:44:9:44:28":4,"b:46:8:46:Infinity":0,"s:51:1:63:Infinity":4,"f:67:9:67:27":5,"s:71:1:79:Infinity":5,"f:83:9:83:27":6,"s:87:1:95:Infinity":6,"f:99:9:99:26":7,"s:103:1:111:Infinity":7,"f:115:9:115:32":8,"s:119:1:124:Infinity":8,"f:128:9:128:26":9,"s:132:1:140:Infinity":9,"f:144:9:144:27":10,"b:146:11:146:Infinity":1,"b:147:8:147:Infinity":2,"s:151:1:158:Infinity":10,"f:162:9:162:27":11,"b:164:11:164:Infinity":3,"b:165:8:165:Infinity":4,"s:169:1:176:Infinity":11},"fnNames":{}}}
,"C:\\Users\\jonat\\OneDrive\\Desktop\\prod-log\\src\\components\\ui\\button.tsx": {"path":"C:\\Users\\jonat\\OneDrive\\Desktop\\prod-log\\src\\components\\ui\\button.tsx","statementMap":{"0":{"start":{"line":7,"column":6},"end":{"line":39,"column":null}},"1":{"start":{"line":51,"column":14},"end":{"line":51,"column":null}},"2":{"start":{"line":53,"column":1},"end":{"line":60,"column":null}}},"fnMap":{"0":{"name":"Button","decl":{"start":{"line":41,"column":9},"end":{"line":41,"column":16}},"loc":{"start":{"line":50,"column":4},"end":{"line":62,"column":null}},"line":50}},"branchMap":{"0":{"loc":{"start":{"line":43,"column":1},"end":{"line":43,"column":null}},"type":"default-arg","locations":[{"start":{"line":43,"column":11},"end":{"line":43,"column":null}}],"line":43},"1":{"loc":{"start":{"line":44,"column":1},"end":{"line":44,"column":null}},"type":"default-arg","locations":[{"start":{"line":44,"column":8},"end":{"line":44,"column":null}}],"line":44},"2":{"loc":{"start":{"line":45,"column":1},"end":{"line":45,"column":null}},"type":"default-arg","locations":[{"start":{"line":45,"column":11},"end":{"line":45,"column":null}}],"line":45},"3":{"loc":{"start":{"line":51,"column":14},"end":{"line":51,"column":null}},"type":"cond-expr","locations":[{"start":{"line":51,"column":24},"end":{"line":51,"column":36}},{"start":{"line":51,"column":36},"end":{"line":51,"column":null}}],"line":51}},"s":{"0":9,"1":122,"2":122},"f":{"0":122},"b":{"0":[122],"1":[122],"2":[122],"3":[9,113]},"meta":{"lastBranch":4,"lastFunction":1,"lastStatement":3,"seen":{"s:7:6:39:Infinity":0,"f:41:9:41:16":0,"b:43:11:43:Infinity":0,"b:44:8:44:Infinity":1,"b:45:11:45:Infinity":2,"s:51:14:51:Infinity":1,"b:51:24:51:36:51:36:51:Infinity":3,"s:53:1:60:Infinity":2},"fnNames":{}}}
,"C:\\Users\\jonat\\OneDrive\\Desktop\\prod-log\\src\\components\\ui\\card.tsx": {"path":"C:\\Users\\jonat\\OneDrive\\Desktop\\prod-log\\src\\components\\ui\\card.tsx","statementMap":{"0":{"start":{"line":6,"column":1},"end":{"line":14,"column":null}},"1":{"start":{"line":19,"column":1},"end":{"line":27,"column":null}},"2":{"start":{"line":32,"column":1},"end":{"line":37,"column":null}},"3":{"start":{"line":42,"column":1},"end":{"line":47,"column":null}},"4":{"start":{"line":52,"column":1},"end":{"line":60,"column":null}},"5":{"start":{"line":65,"column":1},"end":{"line":70,"column":null}},"6":{"start":{"line":75,"column":1},"end":{"line":80,"column":null}}},"fnMap":{"0":{"name":"Card","decl":{"start":{"line":5,"column":9},"end":{"line":5,"column":14}},"loc":{"start":{"line":5,"column":68},"end":{"line":16,"column":null}},"line":5},"1":{"name":"CardHeader","decl":{"start":{"line":18,"column":9},"end":{"line":18,"column":20}},"loc":{"start":{"line":18,"column":74},"end":{"line":29,"column":null}},"line":18},"2":{"name":"CardTitle","decl":{"start":{"line":31,"column":9},"end":{"line":31,"column":19}},"loc":{"start":{"line":31,"column":73},"end":{"line":39,"column":null}},"line":31},"3":{"name":"CardDescription","decl":{"start":{"line":41,"column":9},"end":{"line":41,"column":25}},"loc":{"start":{"line":41,"column":79},"end":{"line":49,"column":null}},"line":41},"4":{"name":"CardAction","decl":{"start":{"line":51,"column":9},"end":{"line":51,"column":20}},"loc":{"start":{"line":51,"column":74},"end":{"line":62,"column":null}},"line":51},"5":{"name":"CardContent","decl":{"start":{"line":64,"column":9},"end":{"line":64,"column":21}},"loc":{"start":{"line":64,"column":75},"end":{"line":72,"column":null}},"line":64},"6":{"name":"CardFooter","decl":{"start":{"line":74,"column":9},"end":{"line":74,"column":20}},"loc":{"start":{"line":74,"column":74},"end":{"line":82,"column":null}},"line":74}},"branchMap":{},"s":{"0":3,"1":1,"2":1,"3":1,"4":1,"5":1,"6":1},"f":{"0":3,"1":1,"2":1,"3":1,"4":1,"5":1,"6":1},"b":{},"meta":{"lastBranch":0,"lastFunction":7,"lastStatement":7,"seen":{"f:5:9:5:14":0,"s:6:1:14:Infinity":0,"f:18:9:18:20":1,"s:19:1:27:Infinity":1,"f:31:9:31:19":2,"s:32:1:37:Infinity":2,"f:41:9:41:25":3,"s:42:1:47:Infinity":3,"f:51:9:51:20":4,"s:52:1:60:Infinity":4,"f:64:9:64:21":5,"s:65:1:70:Infinity":5,"f:74:9:74:20":6,"s:75:1:80:Infinity":6},"fnNames":{}}}
,"C:\\Users\\jonat\\OneDrive\\Desktop\\prod-log\\src\\components\\ui\\dialog.tsx": {"path":"C:\\Users\\jonat\\OneDrive\\Desktop\\prod-log\\src\\components\\ui\\dialog.tsx","statementMap":{"0":{"start":{"line":1,"column":0},"end":{"line":1,"column":null}},"1":{"start":{"line":12,"column":1},"end":{"line":12,"column":null}},"2":{"start":{"line":18,"column":1},"end":{"line":18,"column":null}},"3":{"start":{"line":24,"column":1},"end":{"line":24,"column":null}},"4":{"start":{"line":30,"column":1},"end":{"line":30,"column":null}},"5":{"start":{"line":37,"column":1},"end":{"line":45,"column":null}},"6":{"start":{"line":57,"column":1},"end":{"line":79,"column":null}},"7":{"start":{"line":84,"column":1},"end":{"line":89,"column":null}},"8":{"start":{"line":101,"column":1},"end":{"line":116,"column":null}},"9":{"start":{"line":124,"column":1},"end":{"line":129,"column":null}},"10":{"start":{"line":137,"column":1},"end":{"line":142,"column":null}}},"fnMap":{"0":{"name":"Dialog","decl":{"start":{"line":9,"column":9},"end":{"line":9,"column":16}},"loc":{"start":{"line":11,"column":54},"end":{"line":13,"column":null}},"line":11},"1":{"name":"DialogTrigger","decl":{"start":{"line":15,"column":9},"end":{"line":15,"column":23}},"loc":{"start":{"line":17,"column":57},"end":{"line":19,"column":null}},"line":17},"2":{"name":"DialogPortal","decl":{"start":{"line":21,"column":9},"end":{"line":21,"column":22}},"loc":{"start":{"line":23,"column":56},"end":{"line":25,"column":null}},"line":23},"3":{"name":"DialogClose","decl":{"start":{"line":27,"column":9},"end":{"line":27,"column":21}},"loc":{"start":{"line":29,"column":55},"end":{"line":31,"column":null}},"line":29},"4":{"name":"DialogOverlay","decl":{"start":{"line":33,"column":9},"end":{"line":33,"column":23}},"loc":{"start":{"line":36,"column":57},"end":{"line":47,"column":null}},"line":36},"5":{"name":"DialogContent","decl":{"start":{"line":49,"column":9},"end":{"line":49,"column":23}},"loc":{"start":{"line":56,"column":3},"end":{"line":81,"column":null}},"line":56},"6":{"name":"DialogHeader","decl":{"start":{"line":83,"column":9},"end":{"line":83,"column":22}},"loc":{"start":{"line":83,"column":76},"end":{"line":91,"column":null}},"line":83},"7":{"name":"DialogFooter","decl":{"start":{"line":93,"column":9},"end":{"line":93,"column":22}},"loc":{"start":{"line":100,"column":3},"end":{"line":118,"column":null}},"line":100},"8":{"name":"DialogTitle","decl":{"start":{"line":120,"column":9},"end":{"line":120,"column":21}},"loc":{"start":{"line":123,"column":55},"end":{"line":131,"column":null}},"line":123},"9":{"name":"DialogDescription","decl":{"start":{"line":133,"column":9},"end":{"line":133,"column":27}},"loc":{"start":{"line":136,"column":61},"end":{"line":144,"column":null}},"line":136}},"branchMap":{"0":{"loc":{"start":{"line":52,"column":1},"end":{"line":52,"column":null}},"type":"default-arg","locations":[{"start":{"line":52,"column":19},"end":{"line":52,"column":null}}],"line":52},"1":{"loc":{"start":{"line":69,"column":5},"end":{"line":78,"column":null}},"type":"binary-expr","locations":[{"start":{"line":69,"column":5},"end":{"line":69,"column":null}},{"start":{"line":70,"column":5},"end":{"line":78,"column":null}}],"line":69},"2":{"loc":{"start":{"line":95,"column":1},"end":{"line":95,"column":null}},"type":"default-arg","locations":[{"start":{"line":95,"column":19},"end":{"line":95,"column":null}}],"line":95},"3":{"loc":{"start":{"line":111,"column":4},"end":{"line":116,"column":null}},"type":"binary-expr","locations":[{"start":{"line":111,"column":4},"end":{"line":111,"column":null}},{"start":{"line":112,"column":4},"end":{"line":116,"column":null}}],"line":111}},"s":{"0":0,"1":0,"2":0,"3":0,"4":0,"5":0,"6":0,"7":0,"8":0,"9":0,"10":0},"f":{"0":0,"1":0,"2":0,"3":0,"4":0,"5":0,"6":0,"7":0,"8":0,"9":0},"b":{"0":[0],"1":[0,0],"2":[0],"3":[0,0]},"meta":{"lastBranch":4,"lastFunction":10,"lastStatement":11,"seen":{"s:1:0:1:Infinity":0,"f:9:9:9:16":0,"s:12:1:12:Infinity":1,"f:15:9:15:23":1,"s:18:1:18:Infinity":2,"f:21:9:21:22":2,"s:24:1:24:Infinity":3,"f:27:9:27:21":3,"s:30:1:30:Infinity":4,"f:33:9:33:23":4,"s:37:1:45:Infinity":5,"f:49:9:49:23":5,"b:52:19:52:Infinity":0,"s:57:1:79:Infinity":6,"b:69:5:69:Infinity:70:5:78:Infinity":1,"f:83:9:83:22":6,"s:84:1:89:Infinity":7,"f:93:9:93:22":7,"b:95:19:95:Infinity":2,"s:101:1:116:Infinity":8,"b:111:4:111:Infinity:112:4:116:Infinity":3,"f:120:9:120:21":8,"s:124:1:129:Infinity":9,"f:133:9:133:27":9,"s:137:1:142:Infinity":10},"fnNames":{}}}
,"C:\\Users\\jonat\\OneDrive\\Desktop\\prod-log\\src\\components\\ui\\dropdown-menu.tsx": {"path":"C:\\Users\\jonat\\OneDrive\\Desktop\\prod-log\\src\\components\\ui\\dropdown-menu.tsx","statementMap":{"0":{"start":{"line":10,"column":1},"end":{"line":10,"column":null}},"1":{"start":{"line":16,"column":1},"end":{"line":17,"column":null}},"2":{"start":{"line":24,"column":1},"end":{"line":28,"column":null}},"3":{"start":{"line":37,"column":1},"end":{"line":48,"column":null}},"4":{"start":{"line":55,"column":1},"end":{"line":56,"column":null}},"5":{"start":{"line":69,"column":1},"end":{"line":79,"column":null}},"6":{"start":{"line":89,"column":1},"end":{"line":105,"column":null}},"7":{"start":{"line":112,"column":1},"end":{"line":116,"column":null}},"8":{"start":{"line":125,"column":1},"end":{"line":140,"column":null}},"9":{"start":{"line":151,"column":1},"end":{"line":160,"column":null}},"10":{"start":{"line":168,"column":1},"end":{"line":173,"column":null}},"11":{"start":{"line":181,"column":1},"end":{"line":189,"column":null}},"12":{"start":{"line":196,"column":1},"end":{"line":196,"column":null}},"13":{"start":{"line":207,"column":1},"end":{"line":219,"column":null}},"14":{"start":{"line":227,"column":1},"end":{"line":235,"column":null}}},"fnMap":{"0":{"name":"DropdownMenu","decl":{"start":{"line":7,"column":9},"end":{"line":7,"column":22}},"loc":{"start":{"line":9,"column":60},"end":{"line":11,"column":null}},"line":9},"1":{"name":"DropdownMenuPortal","decl":{"start":{"line":13,"column":9},"end":{"line":13,"column":28}},"loc":{"start":{"line":15,"column":62},"end":{"line":19,"column":null}},"line":15},"2":{"name":"DropdownMenuTrigger","decl":{"start":{"line":21,"column":9},"end":{"line":21,"column":29}},"loc":{"start":{"line":23,"column":63},"end":{"line":30,"column":null}},"line":23},"3":{"name":"DropdownMenuContent","decl":{"start":{"line":32,"column":9},"end":{"line":32,"column":29}},"loc":{"start":{"line":36,"column":63},"end":{"line":50,"column":null}},"line":36},"4":{"name":"DropdownMenuGroup","decl":{"start":{"line":52,"column":9},"end":{"line":52,"column":27}},"loc":{"start":{"line":54,"column":61},"end":{"line":58,"column":null}},"line":54},"5":{"name":"DropdownMenuItem","decl":{"start":{"line":60,"column":9},"end":{"line":60,"column":26}},"loc":{"start":{"line":68,"column":3},"end":{"line":81,"column":null}},"line":68},"6":{"name":"DropdownMenuCheckboxItem","decl":{"start":{"line":83,"column":9},"end":{"line":83,"column":34}},"loc":{"start":{"line":88,"column":68},"end":{"line":107,"column":null}},"line":88},"7":{"name":"DropdownMenuRadioGroup","decl":{"start":{"line":109,"column":9},"end":{"line":109,"column":32}},"loc":{"start":{"line":111,"column":66},"end":{"line":118,"column":null}},"line":111},"8":{"name":"DropdownMenuRadioItem","decl":{"start":{"line":120,"column":9},"end":{"line":120,"column":31}},"loc":{"start":{"line":124,"column":65},"end":{"line":142,"column":null}},"line":124},"9":{"name":"DropdownMenuLabel","decl":{"start":{"line":144,"column":9},"end":{"line":144,"column":27}},"loc":{"start":{"line":150,"column":3},"end":{"line":162,"column":null}},"line":150},"10":{"name":"DropdownMenuSeparator","decl":{"start":{"line":164,"column":9},"end":{"line":164,"column":31}},"loc":{"start":{"line":167,"column":65},"end":{"line":175,"column":null}},"line":167},"11":{"name":"DropdownMenuShortcut","decl":{"start":{"line":177,"column":9},"end":{"line":177,"column":30}},"loc":{"start":{"line":180,"column":33},"end":{"line":191,"column":null}},"line":180},"12":{"name":"DropdownMenuSub","decl":{"start":{"line":193,"column":9},"end":{"line":193,"column":25}},"loc":{"start":{"line":195,"column":59},"end":{"line":197,"column":null}},"line":195},"13":{"name":"DropdownMenuSubTrigger","decl":{"start":{"line":199,"column":9},"end":{"line":199,"column":32}},"loc":{"start":{"line":206,"column":3},"end":{"line":221,"column":null}},"line":206},"14":{"name":"DropdownMenuSubContent","decl":{"start":{"line":223,"column":9},"end":{"line":223,"column":32}},"loc":{"start":{"line":226,"column":66},"end":{"line":237,"column":null}},"line":226}},"branchMap":{"0":{"loc":{"start":{"line":34,"column":1},"end":{"line":34,"column":null}},"type":"default-arg","locations":[{"start":{"line":34,"column":14},"end":{"line":34,"column":null}}],"line":34},"1":{"loc":{"start":{"line":63,"column":1},"end":{"line":63,"column":null}},"type":"default-arg","locations":[{"start":{"line":63,"column":11},"end":{"line":63,"column":null}}],"line":63}},"s":{"0":7,"1":0,"2":7,"3":7,"4":1,"5":3,"6":2,"7":1,"8":2,"9":2,"10":1,"11":1,"12":2,"13":2,"14":1},"f":{"0":7,"1":0,"2":7,"3":7,"4":1,"5":3,"6":2,"7":1,"8":2,"9":2,"10":1,"11":1,"12":2,"13":2,"14":1},"b":{"0":[7],"1":[3]},"meta":{"lastBranch":2,"lastFunction":15,"lastStatement":15,"seen":{"f:7:9:7:22":0,"s:10:1:10:Infinity":0,"f:13:9:13:28":1,"s:16:1:17:Infinity":1,"f:21:9:21:29":2,"s:24:1:28:Infinity":2,"f:32:9:32:29":3,"b:34:14:34:Infinity":0,"s:37:1:48:Infinity":3,"f:52:9:52:27":4,"s:55:1:56:Infinity":4,"f:60:9:60:26":5,"b:63:11:63:Infinity":1,"s:69:1:79:Infinity":5,"f:83:9:83:34":6,"s:89:1:105:Infinity":6,"f:109:9:109:32":7,"s:112:1:116:Infinity":7,"f:120:9:120:31":8,"s:125:1:140:Infinity":8,"f:144:9:144:27":9,"s:151:1:160:Infinity":9,"f:164:9:164:31":10,"s:168:1:173:Infinity":10,"f:177:9:177:30":11,"s:181:1:189:Infinity":11,"f:193:9:193:25":12,"s:196:1:196:Infinity":12,"f:199:9:199:32":13,"s:207:1:219:Infinity":13,"f:223:9:223:32":14,"s:227:1:235:Infinity":14},"fnNames":{}}}
,"C:\\Users\\jonat\\OneDrive\\Desktop\\prod-log\\src\\components\\ui\\input.tsx": {"path":"C:\\Users\\jonat\\OneDrive\\Desktop\\prod-log\\src\\components\\ui\\input.tsx","statementMap":{"0":{"start":{"line":6,"column":1},"end":{"line":17,"column":null}}},"fnMap":{"0":{"name":"Input","decl":{"start":{"line":5,"column":9},"end":{"line":5,"column":15}},"loc":{"start":{"line":5,"column":77},"end":{"line":19,"column":null}},"line":5}},"branchMap":{},"s":{"0":96},"f":{"0":96},"b":{},"meta":{"lastBranch":0,"lastFunction":1,"lastStatement":1,"seen":{"f:5:9:5:15":0,"s:6:1:17:Infinity":0},"fnNames":{}}}
,"C:\\Users\\jonat\\OneDrive\\Desktop\\prod-log\\src\\components\\ui\\label.tsx": {"path":"C:\\Users\\jonat\\OneDrive\\Desktop\\prod-log\\src\\components\\ui\\label.tsx","statementMap":{"0":{"start":{"line":1,"column":0},"end":{"line":1,"column":null}},"1":{"start":{"line":12,"column":1},"end":{"line":20,"column":null}}},"fnMap":{"0":{"name":"Label","decl":{"start":{"line":8,"column":9},"end":{"line":8,"column":15}},"loc":{"start":{"line":11,"column":53},"end":{"line":22,"column":null}},"line":11}},"branchMap":{},"s":{"0":3,"1":113},"f":{"0":113},"b":{},"meta":{"lastBranch":0,"lastFunction":1,"lastStatement":2,"seen":{"s:1:0:1:Infinity":0,"f:8:9:8:15":0,"s:12:1:20:Infinity":1},"fnNames":{}}}
,"C:\\Users\\jonat\\OneDrive\\Desktop\\prod-log\\src\\components\\ui\\select.tsx": {"path":"C:\\Users\\jonat\\OneDrive\\Desktop\\prod-log\\src\\components\\ui\\select.tsx","statementMap":{"0":{"start":{"line":10,"column":1},"end":{"line":10,"column":null}},"1":{"start":{"line":16,"column":1},"end":{"line":16,"column":null}},"2":{"start":{"line":22,"column":1},"end":{"line":22,"column":null}},"3":{"start":{"line":33,"column":1},"end":{"line":47,"column":null}},"4":{"start":{"line":58,"column":1},"end":{"line":84,"column":null}},"5":{"start":{"line":92,"column":1},"end":{"line":97,"column":null}},"6":{"start":{"line":106,"column":1},"end":{"line":124,"column":null}},"7":{"start":{"line":132,"column":1},"end":{"line":137,"column":null}},"8":{"start":{"line":145,"column":1},"end":{"line":155,"column":null}},"9":{"start":{"line":163,"column":1},"end":{"line":173,"column":null}}},"fnMap":{"0":{"name":"Select","decl":{"start":{"line":7,"column":9},"end":{"line":7,"column":16}},"loc":{"start":{"line":9,"column":54},"end":{"line":11,"column":null}},"line":9},"1":{"name":"SelectGroup","decl":{"start":{"line":13,"column":9},"end":{"line":13,"column":21}},"loc":{"start":{"line":15,"column":55},"end":{"line":17,"column":null}},"line":15},"2":{"name":"SelectValue","decl":{"start":{"line":19,"column":9},"end":{"line":19,"column":21}},"loc":{"start":{"line":21,"column":55},"end":{"line":23,"column":null}},"line":21},"3":{"name":"SelectTrigger","decl":{"start":{"line":25,"column":9},"end":{"line":25,"column":23}},"loc":{"start":{"line":32,"column":3},"end":{"line":49,"column":null}},"line":32},"4":{"name":"SelectContent","decl":{"start":{"line":51,"column":9},"end":{"line":51,"column":23}},"loc":{"start":{"line":57,"column":57},"end":{"line":86,"column":null}},"line":57},"5":{"name":"SelectLabel","decl":{"start":{"line":88,"column":9},"end":{"line":88,"column":21}},"loc":{"start":{"line":91,"column":55},"end":{"line":99,"column":null}},"line":91},"6":{"name":"SelectItem","decl":{"start":{"line":101,"column":9},"end":{"line":101,"column":20}},"loc":{"start":{"line":105,"column":54},"end":{"line":126,"column":null}},"line":105},"7":{"name":"SelectSeparator","decl":{"start":{"line":128,"column":9},"end":{"line":128,"column":25}},"loc":{"start":{"line":131,"column":59},"end":{"line":139,"column":null}},"line":131},"8":{"name":"SelectScrollUpButton","decl":{"start":{"line":141,"column":9},"end":{"line":141,"column":30}},"loc":{"start":{"line":144,"column":64},"end":{"line":157,"column":null}},"line":144},"9":{"name":"SelectScrollDownButton","decl":{"start":{"line":159,"column":9},"end":{"line":159,"column":32}},"loc":{"start":{"line":162,"column":66},"end":{"line":175,"column":null}},"line":162}},"branchMap":{"0":{"loc":{"start":{"line":27,"column":1},"end":{"line":27,"column":null}},"type":"default-arg","locations":[{"start":{"line":27,"column":8},"end":{"line":27,"column":null}}],"line":27},"1":{"loc":{"start":{"line":54,"column":1},"end":{"line":54,"column":null}},"type":"default-arg","locations":[{"start":{"line":54,"column":12},"end":{"line":54,"column":null}}],"line":54},"2":{"loc":{"start":{"line":55,"column":1},"end":{"line":55,"column":null}},"type":"default-arg","locations":[{"start":{"line":55,"column":9},"end":{"line":55,"column":null}}],"line":55},"3":{"loc":{"start":{"line":64,"column":5},"end":{"line":65,"column":null}},"type":"binary-expr","locations":[{"start":{"line":64,"column":5},"end":{"line":64,"column":null}},{"start":{"line":65,"column":6},"end":{"line":65,"column":null}}],"line":64},"4":{"loc":{"start":{"line":76,"column":6},"end":{"line":77,"column":null}},"type":"binary-expr","locations":[{"start":{"line":76,"column":6},"end":{"line":76,"column":null}},{"start":{"line":77,"column":7},"end":{"line":77,"column":null}}],"line":76}},"s":{"0":4,"1":2,"2":4,"3":4,"4":4,"5":2,"6":7,"7":1,"8":4,"9":4},"f":{"0":4,"1":2,"2":4,"3":4,"4":4,"5":2,"6":7,"7":1,"8":4,"9":4},"b":{"0":[4],"1":[4],"2":[4],"3":[4,0],"4":[4,0]},"meta":{"lastBranch":5,"lastFunction":10,"lastStatement":10,"seen":{"f:7:9:7:16":0,"s:10:1:10:Infinity":0,"f:13:9:13:21":1,"s:16:1:16:Infinity":1,"f:19:9:19:21":2,"s:22:1:22:Infinity":2,"f:25:9:25:23":3,"b:27:8:27:Infinity":0,"s:33:1:47:Infinity":3,"f:51:9:51:23":4,"b:54:12:54:Infinity":1,"b:55:9:55:Infinity":2,"s:58:1:84:Infinity":4,"b:64:5:64:Infinity:65:6:65:Infinity":3,"b:76:6:76:Infinity:77:7:77:Infinity":4,"f:88:9:88:21":5,"s:92:1:97:Infinity":5,"f:101:9:101:20":6,"s:106:1:124:Infinity":6,"f:128:9:128:25":7,"s:132:1:137:Infinity":7,"f:141:9:141:30":8,"s:145:1:155:Infinity":8,"f:159:9:159:32":9,"s:163:1:173:Infinity":9},"fnNames":{}}}
,"C:\\Users\\jonat\\OneDrive\\Desktop\\prod-log\\src\\components\\ui\\slider.tsx": {"path":"C:\\Users\\jonat\\OneDrive\\Desktop\\prod-log\\src\\components\\ui\\slider.tsx","statementMap":{"0":{"start":{"line":1,"column":0},"end":{"line":1,"column":null}},"1":{"start":{"line":16,"column":17},"end":{"line":24,"column":null}},"2":{"start":{"line":18,"column":3},"end":{"line":22,"column":null}},"3":{"start":{"line":26,"column":1},"end":{"line":59,"column":null}},"4":{"start":{"line":53,"column":4},"end":{"line":57,"column":null}}},"fnMap":{"0":{"name":"Slider","decl":{"start":{"line":8,"column":9},"end":{"line":8,"column":16}},"loc":{"start":{"line":15,"column":54},"end":{"line":61,"column":null}},"line":15},"1":{"name":"(anonymous_1)","decl":{"start":{"line":16,"column":23},"end":{"line":16,"column":null}},"loc":{"start":{"line":18,"column":3},"end":{"line":22,"column":null}},"line":18},"2":{"name":"(anonymous_2)","decl":{"start":{"line":52,"column":40},"end":{"line":52,"column":44}},"loc":{"start":{"line":53,"column":4},"end":{"line":57,"column":null}},"line":53}},"branchMap":{"0":{"loc":{"start":{"line":12,"column":1},"end":{"line":12,"column":null}},"type":"default-arg","locations":[{"start":{"line":12,"column":7},"end":{"line":12,"column":null}}],"line":12},"1":{"loc":{"start":{"line":13,"column":1},"end":{"line":13,"column":null}},"type":"default-arg","locations":[{"start":{"line":13,"column":7},"end":{"line":13,"column":null}}],"line":13},"2":{"loc":{"start":{"line":18,"column":3},"end":{"line":22,"column":null}},"type":"cond-expr","locations":[{"start":{"line":19,"column":6},"end":{"line":19,"column":null}},{"start":{"line":20,"column":6},"end":{"line":22,"column":null}}],"line":18},"3":{"loc":{"start":{"line":20,"column":6},"end":{"line":22,"column":null}},"type":"cond-expr","locations":[{"start":{"line":21,"column":7},"end":{"line":21,"column":null}},{"start":{"line":22,"column":7},"end":{"line":22,"column":null}}],"line":20}},"s":{"0":1,"1":6,"2":6,"3":6,"4":8},"f":{"0":6,"1":6,"2":8},"b":{"0":[6],"1":[6],"2":[1,5],"3":[4,1]},"meta":{"lastBranch":4,"lastFunction":3,"lastStatement":5,"seen":{"s:1:0:1:Infinity":0,"f:8:9:8:16":0,"b:12:7:12:Infinity":0,"b:13:7:13:Infinity":1,"s:16:17:24:Infinity":1,"f:16:23:16:Infinity":1,"s:18:3:22:Infinity":2,"b:19:6:19:Infinity:20:6:22:Infinity":2,"b:21:7:21:Infinity:22:7:22:Infinity":3,"s:26:1:59:Infinity":3,"f:52:40:52:44":2,"s:53:4:57:Infinity":4},"fnNames":{}}}
,"C:\\Users\\jonat\\OneDrive\\Desktop\\prod-log\\src\\components\\ui\\sonner.tsx": {"path":"C:\\Users\\jonat\\OneDrive\\Desktop\\prod-log\\src\\components\\ui\\sonner.tsx","statementMap":{"0":{"start":{"line":1,"column":0},"end":{"line":1,"column":null}},"1":{"start":{"line":15,"column":6},"end":{"line":40,"column":null}},"2":{"start":{"line":16,"column":7},"end":{"line":16,"column":null}},"3":{"start":{"line":18,"column":1},"end":{"line":38,"column":null}}},"fnMap":{"0":{"name":"(anonymous_0)","decl":{"start":{"line":15,"column":6},"end":{"line":15,"column":17}},"loc":{"start":{"line":15,"column":48},"end":{"line":40,"column":null}},"line":15}},"branchMap":{},"s":{"0":1,"1":1,"2":2,"3":2},"f":{"0":2},"b":{},"meta":{"lastBranch":0,"lastFunction":1,"lastStatement":4,"seen":{"s:1:0:1:Infinity":0,"s:15:6:40:Infinity":1,"f:15:6:15:17":0,"s:16:7:16:Infinity":2,"s:18:1:38:Infinity":3},"fnNames":{}}}
,"C:\\Users\\jonat\\OneDrive\\Desktop\\prod-log\\src\\components\\ui\\switch.tsx": {"path":"C:\\Users\\jonat\\OneDrive\\Desktop\\prod-log\\src\\components\\ui\\switch.tsx","statementMap":{"0":{"start":{"line":13,"column":1},"end":{"line":29,"column":null}}},"fnMap":{"0":{"name":"Switch","decl":{"start":{"line":6,"column":9},"end":{"line":6,"column":16}},"loc":{"start":{"line":12,"column":3},"end":{"line":31,"column":null}},"line":12}},"branchMap":{"0":{"loc":{"start":{"line":8,"column":1},"end":{"line":8,"column":null}},"type":"default-arg","locations":[{"start":{"line":8,"column":8},"end":{"line":8,"column":null}}],"line":8}},"s":{"0":5},"f":{"0":5},"b":{"0":[5]},"meta":{"lastBranch":1,"lastFunction":1,"lastStatement":1,"seen":{"f:6:9:6:16":0,"b:8:8:8:Infinity":0,"s:13:1:29:Infinity":0},"fnNames":{}}}
,"C:\\Users\\jonat\\OneDrive\\Desktop\\prod-log\\src\\components\\ui\\table.tsx": {"path":"C:\\Users\\jonat\\OneDrive\\Desktop\\prod-log\\src\\components\\ui\\table.tsx","statementMap":{"0":{"start":{"line":6,"column":1},"end":{"line":16,"column":null}},"1":{"start":{"line":21,"column":1},"end":{"line":26,"column":null}},"2":{"start":{"line":31,"column":1},"end":{"line":36,"column":null}},"3":{"start":{"line":41,"column":1},"end":{"line":49,"column":null}},"4":{"start":{"line":54,"column":1},"end":{"line":62,"column":null}},"5":{"start":{"line":67,"column":1},"end":{"line":75,"column":null}},"6":{"start":{"line":80,"column":1},"end":{"line":88,"column":null}},"7":{"start":{"line":96,"column":1},"end":{"line":101,"column":null}}},"fnMap":{"0":{"name":"Table","decl":{"start":{"line":5,"column":9},"end":{"line":5,"column":15}},"loc":{"start":{"line":5,"column":71},"end":{"line":18,"column":null}},"line":5},"1":{"name":"TableHeader","decl":{"start":{"line":20,"column":9},"end":{"line":20,"column":21}},"loc":{"start":{"line":20,"column":77},"end":{"line":28,"column":null}},"line":20},"2":{"name":"TableBody","decl":{"start":{"line":30,"column":9},"end":{"line":30,"column":19}},"loc":{"start":{"line":30,"column":75},"end":{"line":38,"column":null}},"line":30},"3":{"name":"TableFooter","decl":{"start":{"line":40,"column":9},"end":{"line":40,"column":21}},"loc":{"start":{"line":40,"column":77},"end":{"line":51,"column":null}},"line":40},"4":{"name":"TableRow","decl":{"start":{"line":53,"column":9},"end":{"line":53,"column":18}},"loc":{"start":{"line":53,"column":71},"end":{"line":64,"column":null}},"line":53},"5":{"name":"TableHead","decl":{"start":{"line":66,"column":9},"end":{"line":66,"column":19}},"loc":{"start":{"line":66,"column":72},"end":{"line":77,"column":null}},"line":66},"6":{"name":"TableCell","decl":{"start":{"line":79,"column":9},"end":{"line":79,"column":19}},"loc":{"start":{"line":79,"column":72},"end":{"line":90,"column":null}},"line":79},"7":{"name":"TableCaption","decl":{"start":{"line":92,"column":9},"end":{"line":92,"column":22}},"loc":{"start":{"line":95,"column":36},"end":{"line":103,"column":null}},"line":95}},"branchMap":{},"s":{"0":9,"1":10,"2":11,"3":2,"4":37,"5":18,"6":53,"7":2},"f":{"0":9,"1":10,"2":11,"3":2,"4":37,"5":18,"6":53,"7":2},"b":{},"meta":{"lastBranch":0,"lastFunction":8,"lastStatement":8,"seen":{"f:5:9:5:15":0,"s:6:1:16:Infinity":0,"f:20:9:20:21":1,"s:21:1:26:Infinity":1,"f:30:9:30:19":2,"s:31:1:36:Infinity":2,"f:40:9:40:21":3,"s:41:1:49:Infinity":3,"f:53:9:53:18":4,"s:54:1:62:Infinity":4,"f:66:9:66:19":5,"s:67:1:75:Infinity":5,"f:79:9:79:19":6,"s:80:1:88:Infinity":6,"f:92:9:92:22":7,"s:96:1:101:Infinity":7},"fnNames":{}}}
,"C:\\Users\\jonat\\OneDrive\\Desktop\\prod-log\\src\\components\\ui\\textarea.tsx": {"path":"C:\\Users\\jonat\\OneDrive\\Desktop\\prod-log\\src\\components\\ui\\textarea.tsx","statementMap":{"0":{"start":{"line":6,"column":1},"end":{"line":14,"column":null}}},"fnMap":{"0":{"name":"Textarea","decl":{"start":{"line":5,"column":9},"end":{"line":5,"column":18}},"loc":{"start":{"line":5,"column":77},"end":{"line":16,"column":null}},"line":5}},"branchMap":{},"s":{"0":14},"f":{"0":14},"b":{},"meta":{"lastBranch":0,"lastFunction":1,"lastStatement":1,"seen":{"f:5:9:5:18":0,"s:6:1:14:Infinity":0},"fnNames":{}}}
,"C:\\Users\\jonat\\OneDrive\\Desktop\\prod-log\\src\\features\\products\\columns.tsx": {"path":"C:\\Users\\jonat\\OneDrive\\Desktop\\prod-log\\src\\features\\products\\columns.tsx","statementMap":{"0":{"start":{"line":28,"column":1},"end":{"line":89,"column":null}},"1":{"start":{"line":34,"column":12},"end":{"line":34,"column":null}},"2":{"start":{"line":40,"column":4},"end":{"line":48,"column":null}},"3":{"start":{"line":55,"column":4},"end":{"line":55,"column":null}},"4":{"start":{"line":59,"column":17},"end":{"line":59,"column":null}},"5":{"start":{"line":61,"column":4},"end":{"line":86,"column":null}},"6":{"start":{"line":66,"column":21},"end":{"line":66,"column":null}},"7":{"start":{"line":84,"column":23},"end":{"line":84,"column":null}}},"fnMap":{"0":{"name":"buildProductColumns","decl":{"start":{"line":24,"column":16},"end":{"line":24,"column":36}},"loc":{"start":{"line":27,"column":51},"end":{"line":90,"column":null}},"line":27},"1":{"name":"(anonymous_1)","decl":{"start":{"line":34,"column":3},"end":{"line":34,"column":10}},"loc":{"start":{"line":34,"column":12},"end":{"line":34,"column":null}},"line":34},"2":{"name":"(anonymous_2)","decl":{"start":{"line":39,"column":3},"end":{"line":39,"column":10}},"loc":{"start":{"line":40,"column":4},"end":{"line":48,"column":null}},"line":40},"3":{"name":"(anonymous_3)","decl":{"start":{"line":54,"column":3},"end":{"line":54,"column":10}},"loc":{"start":{"line":55,"column":4},"end":{"line":55,"column":null}},"line":55},"4":{"name":"(anonymous_4)","decl":{"start":{"line":59,"column":3},"end":{"line":59,"column":17}},"loc":{"start":{"line":59,"column":17},"end":{"line":59,"column":null}},"line":59},"5":{"name":"(anonymous_5)","decl":{"start":{"line":60,"column":3},"end":{"line":60,"column":10}},"loc":{"start":{"line":61,"column":4},"end":{"line":86,"column":null}},"line":61},"6":{"name":"(anonymous_6)","decl":{"start":{"line":66,"column":6},"end":{"line":66,"column":21}},"loc":{"start":{"line":66,"column":21},"end":{"line":66,"column":null}},"line":66},"7":{"name":"(anonymous_7)","decl":{"start":{"line":84,"column":6},"end":{"line":84,"column":23}},"loc":{"start":{"line":84,"column":23},"end":{"line":84,"column":null}},"line":84}},"branchMap":{"0":{"loc":{"start":{"line":42,"column":6},"end":{"line":44,"column":null}},"type":"cond-expr","locations":[{"start":{"line":43,"column":9},"end":{"line":43,"column":null}},{"start":{"line":44,"column":9},"end":{"line":44,"column":null}}],"line":42}},"s":{"0":8,"1":1,"2":2,"3":1,"4":1,"5":1,"6":0,"7":0},"f":{"0":8,"1":1,"2":2,"3":1,"4":1,"5":1,"6":0,"7":0},"b":{"0":[1,1]},"meta":{"lastBranch":1,"lastFunction":8,"lastStatement":8,"seen":{"f:24:16:24:36":0,"s:28:1:89:Infinity":0,"f:34:3:34:10":1,"s:34:12:34:Infinity":1,"f:39:3:39:10":2,"s:40:4:48:Infinity":2,"b:43:9:43:Infinity:44:9:44:Infinity":0,"f:54:3:54:10":3,"s:55:4:55:Infinity":3,"f:59:3:59:17":4,"s:59:17:59:Infinity":4,"f:60:3:60:10":5,"s:61:4:86:Infinity":5,"f:66:6:66:21":6,"s:66:21:66:Infinity":6,"f:84:6:84:23":7,"s:84:23:84:Infinity":7},"fnNames":{}}}
,"C:\\Users\\jonat\\OneDrive\\Desktop\\prod-log\\src\\features\\products\\form.tsx": {"path":"C:\\Users\\jonat\\OneDrive\\Desktop\\prod-log\\src\\features\\products\\form.tsx","statementMap":{"0":{"start":{"line":10,"column":15},"end":{"line":16,"column":null}},"1":{"start":{"line":35,"column":7},"end":{"line":46,"column":null}},"2":{"start":{"line":44,"column":3},"end":{"line":44,"column":null}},"3":{"start":{"line":48,"column":1},"end":{"line":172,"column":null}},"4":{"start":{"line":51,"column":4},"end":{"line":51,"column":null}},"5":{"start":{"line":52,"column":4},"end":{"line":52,"column":null}},"6":{"start":{"line":60,"column":5},"end":{"line":71,"column":null}},"7":{"start":{"line":67,"column":24},"end":{"line":67,"column":null}},"8":{"start":{"line":79,"column":5},"end":{"line":89,"column":null}},"9":{"start":{"line":86,"column":24},"end":{"line":86,"column":null}},"10":{"start":{"line":96,"column":5},"end":{"line":106,"column":null}},"11":{"start":{"line":104,"column":24},"end":{"line":104,"column":null}},"12":{"start":{"line":115,"column":6},"end":{"line":128,"column":null}},"13":{"start":{"line":124,"column":9},"end":{"line":124,"column":null}},"14":{"start":{"line":135,"column":6},"end":{"line":149,"column":null}},"15":{"start":{"line":145,"column":9},"end":{"line":145,"column":null}},"16":{"start":{"line":161,"column":22},"end":{"line":161,"column":null}},"17":{"start":{"line":163,"column":6},"end":{"line":168,"column":null}},"18":{"start":{"line":177,"column":1},"end":{"line":177,"column":null}},"19":{"start":{"line":177,"column":21},"end":{"line":177,"column":null}},"20":{"start":{"line":178,"column":13},"end":{"line":187,"column":null}},"21":{"start":{"line":180,"column":3},"end":{"line":180,"column":null}},"22":{"start":{"line":180,"column":11},"end":{"line":180,"column":null}},"23":{"start":{"line":181,"column":3},"end":{"line":181,"column":null}},"24":{"start":{"line":181,"column":30},"end":{"line":181,"column":null}},"25":{"start":{"line":182,"column":3},"end":{"line":183,"column":null}},"26":{"start":{"line":183,"column":4},"end":{"line":183,"column":null}},"27":{"start":{"line":184,"column":3},"end":{"line":184,"column":null}},"28":{"start":{"line":188,"column":1},"end":{"line":188,"column":null}},"29":{"start":{"line":188,"column":11},"end":{"line":188,"column":null}},"30":{"start":{"line":189,"column":1},"end":{"line":189,"column":null}}},"fnMap":{"0":{"name":"ProductForm","decl":{"start":{"line":28,"column":16},"end":{"line":28,"column":28}},"loc":{"start":{"line":34,"column":21},"end":{"line":174,"column":null}},"line":34},"1":{"name":"(anonymous_1)","decl":{"start":{"line":43,"column":12},"end":{"line":43,"column":19}},"loc":{"start":{"line":43,"column":33},"end":{"line":45,"column":null}},"line":43},"2":{"name":"(anonymous_2)","decl":{"start":{"line":50,"column":3},"end":{"line":50,"column":14}},"loc":{"start":{"line":50,"column":20},"end":{"line":53,"column":null}},"line":50},"3":{"name":"(anonymous_3)","decl":{"start":{"line":59,"column":4},"end":{"line":59,"column":15}},"loc":{"start":{"line":60,"column":5},"end":{"line":71,"column":null}},"line":60},"4":{"name":"(anonymous_4)","decl":{"start":{"line":67,"column":7},"end":{"line":67,"column":18}},"loc":{"start":{"line":67,"column":24},"end":{"line":67,"column":null}},"line":67},"5":{"name":"(anonymous_5)","decl":{"start":{"line":78,"column":4},"end":{"line":78,"column":15}},"loc":{"start":{"line":79,"column":5},"end":{"line":89,"column":null}},"line":79},"6":{"name":"(anonymous_6)","decl":{"start":{"line":86,"column":7},"end":{"line":86,"column":18}},"loc":{"start":{"line":86,"column":24},"end":{"line":86,"column":null}},"line":86},"7":{"name":"(anonymous_7)","decl":{"start":{"line":95,"column":4},"end":{"line":95,"column":15}},"loc":{"start":{"line":96,"column":5},"end":{"line":106,"column":null}},"line":96},"8":{"name":"(anonymous_8)","decl":{"start":{"line":104,"column":7},"end":{"line":104,"column":18}},"loc":{"start":{"line":104,"column":24},"end":{"line":104,"column":null}},"line":104},"9":{"name":"(anonymous_9)","decl":{"start":{"line":114,"column":5},"end":{"line":114,"column":16}},"loc":{"start":{"line":115,"column":6},"end":{"line":128,"column":null}},"line":115},"10":{"name":"(anonymous_10)","decl":{"start":{"line":123,"column":8},"end":{"line":123,"column":19}},"loc":{"start":{"line":124,"column":9},"end":{"line":124,"column":null}},"line":124},"11":{"name":"(anonymous_11)","decl":{"start":{"line":134,"column":5},"end":{"line":134,"column":16}},"loc":{"start":{"line":135,"column":6},"end":{"line":149,"column":null}},"line":135},"12":{"name":"(anonymous_12)","decl":{"start":{"line":144,"column":8},"end":{"line":144,"column":19}},"loc":{"start":{"line":145,"column":9},"end":{"line":145,"column":null}},"line":145},"13":{"name":"(anonymous_13)","decl":{"start":{"line":161,"column":5},"end":{"line":161,"column":16}},"loc":{"start":{"line":161,"column":22},"end":{"line":161,"column":null}},"line":161},"14":{"name":"(anonymous_14)","decl":{"start":{"line":162,"column":5},"end":{"line":162,"column":16}},"loc":{"start":{"line":163,"column":6},"end":{"line":168,"column":null}},"line":163},"15":{"name":"FieldError","decl":{"start":{"line":176,"column":9},"end":{"line":176,"column":20}},"loc":{"start":{"line":176,"column":55},"end":{"line":190,"column":null}},"line":176},"16":{"name":"(anonymous_16)","decl":{"start":{"line":179,"column":3},"end":{"line":179,"column":8}},"loc":{"start":{"line":179,"column":14},"end":{"line":185,"column":3}},"line":179}},"branchMap":{"0":{"loc":{"start":{"line":30,"column":1},"end":{"line":30,"column":null}},"type":"default-arg","locations":[{"start":{"line":30,"column":15},"end":{"line":30,"column":null}}],"line":30},"1":{"loc":{"start":{"line":37,"column":8},"end":{"line":37,"column":null}},"type":"binary-expr","locations":[{"start":{"line":37,"column":8},"end":{"line":37,"column":30}},{"start":{"line":37,"column":30},"end":{"line":37,"column":null}}],"line":37},"2":{"loc":{"start":{"line":38,"column":9},"end":{"line":38,"column":null}},"type":"binary-expr","locations":[{"start":{"line":38,"column":9},"end":{"line":38,"column":32}},{"start":{"line":38,"column":32},"end":{"line":38,"column":null}}],"line":38},"3":{"loc":{"start":{"line":39,"column":16},"end":{"line":39,"column":null}},"type":"binary-expr","locations":[{"start":{"line":39,"column":16},"end":{"line":39,"column":46}},{"start":{"line":39,"column":46},"end":{"line":39,"column":null}}],"line":39},"4":{"loc":{"start":{"line":40,"column":15},"end":{"line":40,"column":null}},"type":"binary-expr","locations":[{"start":{"line":40,"column":15},"end":{"line":40,"column":44}},{"start":{"line":40,"column":44},"end":{"line":40,"column":null}}],"line":40},"5":{"loc":{"start":{"line":41,"column":10},"end":{"line":41,"column":null}},"type":"binary-expr","locations":[{"start":{"line":41,"column":10},"end":{"line":41,"column":34}},{"start":{"line":41,"column":34},"end":{"line":41,"column":null}}],"line":41},"6":{"loc":{"start":{"line":102,"column":14},"end":{"line":102,"column":null}},"type":"binary-expr","locations":[{"start":{"line":102,"column":14},"end":{"line":102,"column":35}},{"start":{"line":102,"column":35},"end":{"line":102,"column":null}}],"line":102},"7":{"loc":{"start":{"line":145,"column":44},"end":{"line":145,"column":67}},"type":"binary-expr","locations":[{"start":{"line":145,"column":44},"end":{"line":145,"column":62}},{"start":{"line":145,"column":62},"end":{"line":145,"column":67}}],"line":145},"8":{"loc":{"start":{"line":155,"column":5},"end":{"line":159,"column":null}},"type":"cond-expr","locations":[{"start":{"line":156,"column":5},"end":{"line":159,"column":null}},{"start":{"line":159,"column":8},"end":{"line":159,"column":null}}],"line":155},"9":{"loc":{"start":{"line":165,"column":17},"end":{"line":165,"column":null}},"type":"binary-expr","locations":[{"start":{"line":165,"column":17},"end":{"line":165,"column":31}},{"start":{"line":165,"column":31},"end":{"line":165,"column":45}},{"start":{"line":165,"column":45},"end":{"line":165,"column":null}}],"line":165},"10":{"loc":{"start":{"line":177,"column":1},"end":{"line":177,"column":null}},"type":"if","locations":[{"start":{"line":177,"column":1},"end":{"line":177,"column":null}},{"start":{},"end":{}}],"line":177},"11":{"loc":{"start":{"line":180,"column":3},"end":{"line":180,"column":null}},"type":"if","locations":[{"start":{"line":180,"column":3},"end":{"line":180,"column":null}},{"start":{},"end":{}}],"line":180},"12":{"loc":{"start":{"line":181,"column":3},"end":{"line":181,"column":null}},"type":"if","locations":[{"start":{"line":181,"column":3},"end":{"line":181,"column":null}},{"start":{},"end":{}}],"line":181},"13":{"loc":{"start":{"line":182,"column":3},"end":{"line":183,"column":null}},"type":"if","locations":[{"start":{"line":182,"column":3},"end":{"line":183,"column":null}},{"start":{},"end":{}}],"line":182},"14":{"loc":{"start":{"line":182,"column":7},"end":{"line":182,"column":null}},"type":"binary-expr","locations":[{"start":{"line":182,"column":7},"end":{"line":182,"column":32}},{"start":{"line":182,"column":32},"end":{"line":182,"column":46}},{"start":{"line":182,"column":46},"end":{"line":182,"column":null}}],"line":182},"15":{"loc":{"start":{"line":188,"column":1},"end":{"line":188,"column":null}},"type":"if","locations":[{"start":{"line":188,"column":1},"end":{"line":188,"column":null}},{"start":{},"end":{}}],"line":188}},"s":{"0":1,"1":8,"2":1,"3":8,"4":1,"5":1,"6":13,"7":3,"8":13,"9":3,"10":9,"11":1,"12":12,"13":2,"14":12,"15":2,"16":115,"17":38,"18":50,"19":44,"20":6,"21":6,"22":0,"23":6,"24":0,"25":6,"26":6,"27":0,"28":6,"29":0,"30":6},"f":{"0":8,"1":1,"2":1,"3":13,"4":3,"5":13,"6":3,"7":9,"8":1,"9":12,"10":2,"11":12,"12":2,"13":115,"14":38,"15":50,"16":6},"b":{"0":[8],"1":[8,7],"2":[8,7],"3":[8,7],"4":[8,7],"5":[8,7],"6":[9,0],"7":[2,0],"8":[1,7],"9":[38,27,27],"10":[44,6],"11":[0,6],"12":[0,6],"13":[6,0],"14":[6,6,6],"15":[0,6]},"meta":{"lastBranch":16,"lastFunction":17,"lastStatement":31,"seen":{"s:10:15:16:Infinity":0,"f:28:16:28:28":0,"b:30:15:30:Infinity":0,"s:35:7:46:Infinity":1,"b:37:8:37:30:37:30:37:Infinity":1,"b:38:9:38:32:38:32:38:Infinity":2,"b:39:16:39:46:39:46:39:Infinity":3,"b:40:15:40:44:40:44:40:Infinity":4,"b:41:10:41:34:41:34:41:Infinity":5,"f:43:12:43:19":1,"s:44:3:44:Infinity":2,"s:48:1:172:Infinity":3,"f:50:3:50:14":2,"s:51:4:51:Infinity":4,"s:52:4:52:Infinity":5,"f:59:4:59:15":3,"s:60:5:71:Infinity":6,"f:67:7:67:18":4,"s:67:24:67:Infinity":7,"f:78:4:78:15":5,"s:79:5:89:Infinity":8,"f:86:7:86:18":6,"s:86:24:86:Infinity":9,"f:95:4:95:15":7,"s:96:5:106:Infinity":10,"b:102:14:102:35:102:35:102:Infinity":6,"f:104:7:104:18":8,"s:104:24:104:Infinity":11,"f:114:5:114:16":9,"s:115:6:128:Infinity":12,"f:123:8:123:19":10,"s:124:9:124:Infinity":13,"f:134:5:134:16":11,"s:135:6:149:Infinity":14,"f:144:8:144:19":12,"s:145:9:145:Infinity":15,"b:145:44:145:62:145:62:145:67":7,"b:156:5:159:Infinity:159:8:159:Infinity":8,"f:161:5:161:16":13,"s:161:22:161:Infinity":16,"f:162:5:162:16":14,"s:163:6:168:Infinity":17,"b:165:17:165:31:165:31:165:45:165:45:165:Infinity":9,"f:176:9:176:20":15,"b:177:1:177:Infinity:undefined:undefined:undefined:undefined":10,"s:177:1:177:Infinity":18,"s:177:21:177:Infinity":19,"s:178:13:187:Infinity":20,"f:179:3:179:8":16,"b:180:3:180:Infinity:undefined:undefined:undefined:undefined":11,"s:180:3:180:Infinity":21,"s:180:11:180:Infinity":22,"b:181:3:181:Infinity:undefined:undefined:undefined:undefined":12,"s:181:3:181:Infinity":23,"s:181:30:181:Infinity":24,"b:182:3:183:Infinity:undefined:undefined:undefined:undefined":13,"s:182:3:183:Infinity":25,"b:182:7:182:32:182:32:182:46:182:46:182:Infinity":14,"s:183:4:183:Infinity":26,"s:184:3:184:Infinity":27,"b:188:1:188:Infinity:undefined:undefined:undefined:undefined":15,"s:188:1:188:Infinity":28,"s:188:11:188:Infinity":29,"s:189:1:189:Infinity":30},"fnNames":{}}}
,"C:\\Users\\jonat\\OneDrive\\Desktop\\prod-log\\src\\features\\users\\columns.tsx": {"path":"C:\\Users\\jonat\\OneDrive\\Desktop\\prod-log\\src\\features\\users\\columns.tsx","statementMap":{"0":{"start":{"line":27,"column":1},"end":{"line":77,"column":null}},"1":{"start":{"line":33,"column":23},"end":{"line":33,"column":null}},"2":{"start":{"line":39,"column":4},"end":{"line":39,"column":null}},"3":{"start":{"line":43,"column":17},"end":{"line":43,"column":null}},"4":{"start":{"line":45,"column":19},"end":{"line":45,"column":null}},"5":{"start":{"line":46,"column":4},"end":{"line":73,"column":null}},"6":{"start":{"line":52,"column":22},"end":{"line":52,"column":null}},"7":{"start":{"line":71,"column":24},"end":{"line":71,"column":null}}},"fnMap":{"0":{"name":"buildUserColumns","decl":{"start":{"line":22,"column":16},"end":{"line":22,"column":33}},"loc":{"start":{"line":26,"column":45},"end":{"line":78,"column":null}},"line":26},"1":{"name":"(anonymous_1)","decl":{"start":{"line":33,"column":3},"end":{"line":33,"column":10}},"loc":{"start":{"line":33,"column":23},"end":{"line":33,"column":null}},"line":33},"2":{"name":"(anonymous_2)","decl":{"start":{"line":38,"column":3},"end":{"line":38,"column":10}},"loc":{"start":{"line":39,"column":4},"end":{"line":39,"column":null}},"line":39},"3":{"name":"(anonymous_3)","decl":{"start":{"line":43,"column":3},"end":{"line":43,"column":17}},"loc":{"start":{"line":43,"column":17},"end":{"line":43,"column":null}},"line":43},"4":{"name":"(anonymous_4)","decl":{"start":{"line":44,"column":3},"end":{"line":44,"column":10}},"loc":{"start":{"line":44,"column":22},"end":{"line":75,"column":null}},"line":44},"5":{"name":"(anonymous_5)","decl":{"start":{"line":52,"column":7},"end":{"line":52,"column":22}},"loc":{"start":{"line":52,"column":22},"end":{"line":52,"column":null}},"line":52},"6":{"name":"(anonymous_6)","decl":{"start":{"line":71,"column":7},"end":{"line":71,"column":24}},"loc":{"start":{"line":71,"column":24},"end":{"line":71,"column":null}},"line":71}},"branchMap":{"0":{"loc":{"start":{"line":33,"column":23},"end":{"line":33,"column":null}},"type":"cond-expr","locations":[{"start":{"line":33,"column":55},"end":{"line":33,"column":65}},{"start":{"line":33,"column":65},"end":{"line":33,"column":null}}],"line":33}},"s":{"0":8,"1":2,"2":1,"3":0,"4":2,"5":2,"6":0,"7":0},"f":{"0":8,"1":2,"2":1,"3":0,"4":2,"5":0,"6":0},"b":{"0":[1,1]},"meta":{"lastBranch":1,"lastFunction":7,"lastStatement":8,"seen":{"f:22:16:22:33":0,"s:27:1:77:Infinity":0,"f:33:3:33:10":1,"s:33:23:33:Infinity":1,"b:33:55:33:65:33:65:33:Infinity":0,"f:38:3:38:10":2,"s:39:4:39:Infinity":2,"f:43:3:43:17":3,"s:43:17:43:Infinity":3,"f:44:3:44:10":4,"s:45:19:45:Infinity":4,"s:46:4:73:Infinity":5,"f:52:7:52:22":5,"s:52:22:52:Infinity":6,"f:71:7:71:24":6,"s:71:24:71:Infinity":7},"fnNames":{}}}
,"C:\\Users\\jonat\\OneDrive\\Desktop\\prod-log\\src\\features\\users\\form.tsx": {"path":"C:\\Users\\jonat\\OneDrive\\Desktop\\prod-log\\src\\features\\users\\form.tsx","statementMap":{"0":{"start":{"line":15,"column":19},"end":{"line":19,"column":null}},"1":{"start":{"line":21,"column":21},"end":{"line":23,"column":null}},"2":{"start":{"line":25,"column":19},"end":{"line":27,"column":null}},"3":{"start":{"line":48,"column":16},"end":{"line":48,"column":null}},"4":{"start":{"line":49,"column":7},"end":{"line":60,"column":null}},"5":{"start":{"line":57,"column":18},"end":{"line":57,"column":null}},"6":{"start":{"line":58,"column":3},"end":{"line":58,"column":null}},"7":{"start":{"line":62,"column":1},"end":{"line":174,"column":null}},"8":{"start":{"line":65,"column":4},"end":{"line":65,"column":null}},"9":{"start":{"line":66,"column":4},"end":{"line":66,"column":null}},"10":{"start":{"line":74,"column":5},"end":{"line":85,"column":null}},"11":{"start":{"line":82,"column":24},"end":{"line":82,"column":null}},"12":{"start":{"line":93,"column":5},"end":{"line":103,"column":null}},"13":{"start":{"line":100,"column":24},"end":{"line":100,"column":null}},"14":{"start":{"line":110,"column":5},"end":{"line":126,"column":null}},"15":{"start":{"line":115,"column":8},"end":{"line":115,"column":null}},"16":{"start":{"line":136,"column":5},"end":{"line":152,"column":null}},"17":{"start":{"line":149,"column":24},"end":{"line":149,"column":null}},"18":{"start":{"line":163,"column":22},"end":{"line":163,"column":null}},"19":{"start":{"line":165,"column":6},"end":{"line":170,"column":null}},"20":{"start":{"line":179,"column":1},"end":{"line":179,"column":null}},"21":{"start":{"line":179,"column":21},"end":{"line":179,"column":null}},"22":{"start":{"line":180,"column":13},"end":{"line":189,"column":null}},"23":{"start":{"line":182,"column":3},"end":{"line":182,"column":null}},"24":{"start":{"line":182,"column":11},"end":{"line":182,"column":null}},"25":{"start":{"line":183,"column":3},"end":{"line":183,"column":null}},"26":{"start":{"line":183,"column":30},"end":{"line":183,"column":null}},"27":{"start":{"line":184,"column":3},"end":{"line":185,"column":null}},"28":{"start":{"line":185,"column":4},"end":{"line":185,"column":null}},"29":{"start":{"line":186,"column":3},"end":{"line":186,"column":null}},"30":{"start":{"line":190,"column":1},"end":{"line":190,"column":null}},"31":{"start":{"line":190,"column":11},"end":{"line":190,"column":null}},"32":{"start":{"line":191,"column":1},"end":{"line":191,"column":null}}},"fnMap":{"0":{"name":"UserForm","decl":{"start":{"line":40,"column":16},"end":{"line":40,"column":25}},"loc":{"start":{"line":47,"column":18},"end":{"line":176,"column":null}},"line":47},"1":{"name":"(anonymous_1)","decl":{"start":{"line":56,"column":12},"end":{"line":56,"column":19}},"loc":{"start":{"line":56,"column":33},"end":{"line":59,"column":null}},"line":56},"2":{"name":"(anonymous_2)","decl":{"start":{"line":64,"column":3},"end":{"line":64,"column":14}},"loc":{"start":{"line":64,"column":20},"end":{"line":67,"column":null}},"line":64},"3":{"name":"(anonymous_3)","decl":{"start":{"line":73,"column":4},"end":{"line":73,"column":15}},"loc":{"start":{"line":74,"column":5},"end":{"line":85,"column":null}},"line":74},"4":{"name":"(anonymous_4)","decl":{"start":{"line":82,"column":7},"end":{"line":82,"column":18}},"loc":{"start":{"line":82,"column":24},"end":{"line":82,"column":null}},"line":82},"5":{"name":"(anonymous_5)","decl":{"start":{"line":92,"column":4},"end":{"line":92,"column":15}},"loc":{"start":{"line":93,"column":5},"end":{"line":103,"column":null}},"line":93},"6":{"name":"(anonymous_6)","decl":{"start":{"line":100,"column":7},"end":{"line":100,"column":18}},"loc":{"start":{"line":100,"column":24},"end":{"line":100,"column":null}},"line":100},"7":{"name":"(anonymous_7)","decl":{"start":{"line":109,"column":4},"end":{"line":109,"column":15}},"loc":{"start":{"line":110,"column":5},"end":{"line":126,"column":null}},"line":110},"8":{"name":"(anonymous_8)","decl":{"start":{"line":114,"column":7},"end":{"line":114,"column":23}},"loc":{"start":{"line":115,"column":8},"end":{"line":115,"column":null}},"line":115},"9":{"name":"(anonymous_9)","decl":{"start":{"line":135,"column":4},"end":{"line":135,"column":15}},"loc":{"start":{"line":136,"column":5},"end":{"line":152,"column":null}},"line":136},"10":{"name":"(anonymous_10)","decl":{"start":{"line":149,"column":7},"end":{"line":149,"column":18}},"loc":{"start":{"line":149,"column":24},"end":{"line":149,"column":null}},"line":149},"11":{"name":"(anonymous_11)","decl":{"start":{"line":163,"column":5},"end":{"line":163,"column":16}},"loc":{"start":{"line":163,"column":22},"end":{"line":163,"column":null}},"line":163},"12":{"name":"(anonymous_12)","decl":{"start":{"line":164,"column":5},"end":{"line":164,"column":16}},"loc":{"start":{"line":165,"column":6},"end":{"line":170,"column":null}},"line":165},"13":{"name":"FieldError","decl":{"start":{"line":178,"column":9},"end":{"line":178,"column":20}},"loc":{"start":{"line":178,"column":55},"end":{"line":192,"column":null}},"line":178},"14":{"name":"(anonymous_14)","decl":{"start":{"line":181,"column":3},"end":{"line":181,"column":8}},"loc":{"start":{"line":181,"column":14},"end":{"line":187,"column":3}},"line":181}},"branchMap":{"0":{"loc":{"start":{"line":43,"column":1},"end":{"line":43,"column":null}},"type":"default-arg","locations":[{"start":{"line":43,"column":15},"end":{"line":43,"column":null}}],"line":43},"1":{"loc":{"start":{"line":48,"column":16},"end":{"line":48,"column":null}},"type":"cond-expr","locations":[{"start":{"line":48,"column":36},"end":{"line":48,"column":51}},{"start":{"line":48,"column":51},"end":{"line":48,"column":null}}],"line":48},"2":{"loc":{"start":{"line":51,"column":10},"end":{"line":51,"column":null}},"type":"binary-expr","locations":[{"start":{"line":51,"column":10},"end":{"line":51,"column":34}},{"start":{"line":51,"column":34},"end":{"line":51,"column":null}}],"line":51},"3":{"loc":{"start":{"line":52,"column":9},"end":{"line":52,"column":null}},"type":"binary-expr","locations":[{"start":{"line":52,"column":9},"end":{"line":52,"column":32}},{"start":{"line":52,"column":32},"end":{"line":52,"column":null}}],"line":52},"4":{"loc":{"start":{"line":53,"column":9},"end":{"line":53,"column":null}},"type":"binary-expr","locations":[{"start":{"line":53,"column":9},"end":{"line":53,"column":32}},{"start":{"line":53,"column":32},"end":{"line":53,"column":null}}],"line":53},"5":{"loc":{"start":{"line":133,"column":15},"end":{"line":133,"column":null}},"type":"cond-expr","locations":[{"start":{"line":133,"column":35},"end":{"line":133,"column":65}},{"start":{"line":133,"column":65},"end":{"line":133,"column":null}}],"line":133},"6":{"loc":{"start":{"line":138,"column":8},"end":{"line":140,"column":null}},"type":"cond-expr","locations":[{"start":{"line":139,"column":10},"end":{"line":139,"column":null}},{"start":{"line":140,"column":10},"end":{"line":140,"column":null}}],"line":138},"7":{"loc":{"start":{"line":147,"column":14},"end":{"line":147,"column":null}},"type":"binary-expr","locations":[{"start":{"line":147,"column":14},"end":{"line":147,"column":35}},{"start":{"line":147,"column":35},"end":{"line":147,"column":null}}],"line":147},"8":{"loc":{"start":{"line":157,"column":5},"end":{"line":161,"column":null}},"type":"cond-expr","locations":[{"start":{"line":158,"column":5},"end":{"line":161,"column":null}},{"start":{"line":161,"column":8},"end":{"line":161,"column":null}}],"line":157},"9":{"loc":{"start":{"line":167,"column":17},"end":{"line":167,"column":null}},"type":"binary-expr","locations":[{"start":{"line":167,"column":17},"end":{"line":167,"column":31}},{"start":{"line":167,"column":31},"end":{"line":167,"column":45}},{"start":{"line":167,"column":45},"end":{"line":167,"column":null}}],"line":167},"10":{"loc":{"start":{"line":179,"column":1},"end":{"line":179,"column":null}},"type":"if","locations":[{"start":{"line":179,"column":1},"end":{"line":179,"column":null}},{"start":{},"end":{}}],"line":179},"11":{"loc":{"start":{"line":182,"column":3},"end":{"line":182,"column":null}},"type":"if","locations":[{"start":{"line":182,"column":3},"end":{"line":182,"column":null}},{"start":{},"end":{}}],"line":182},"12":{"loc":{"start":{"line":183,"column":3},"end":{"line":183,"column":null}},"type":"if","locations":[{"start":{"line":183,"column":3},"end":{"line":183,"column":null}},{"start":{},"end":{}}],"line":183},"13":{"loc":{"start":{"line":184,"column":3},"end":{"line":185,"column":null}},"type":"if","locations":[{"start":{"line":184,"column":3},"end":{"line":185,"column":null}},{"start":{},"end":{}}],"line":184},"14":{"loc":{"start":{"line":184,"column":7},"end":{"line":184,"column":null}},"type":"binary-expr","locations":[{"start":{"line":184,"column":7},"end":{"line":184,"column":32}},{"start":{"line":184,"column":32},"end":{"line":184,"column":46}},{"start":{"line":184,"column":46},"end":{"line":184,"column":null}}],"line":184},"15":{"loc":{"start":{"line":190,"column":1},"end":{"line":190,"column":null}},"type":"if","locations":[{"start":{"line":190,"column":1},"end":{"line":190,"column":null}},{"start":{},"end":{}}],"line":190}},"s":{"0":1,"1":1,"2":1,"3":9,"4":9,"5":1,"6":1,"7":9,"8":1,"9":1,"10":13,"11":2,"12":14,"13":3,"14":10,"15":1,"16":13,"17":2,"18":98,"19":35,"20":40,"21":34,"22":6,"23":6,"24":0,"25":6,"26":0,"27":6,"28":6,"29":0,"30":6,"31":0,"32":6},"f":{"0":9,"1":1,"2":1,"3":13,"4":2,"5":14,"6":3,"7":10,"8":1,"9":13,"10":2,"11":98,"12":35,"13":40,"14":6},"b":{"0":[9],"1":[7,2],"2":[9,8],"3":[9,8],"4":[9,8],"5":[7,2],"6":[11,2],"7":[13,0],"8":[1,8],"9":[35,26,26],"10":[34,6],"11":[0,6],"12":[0,6],"13":[6,0],"14":[6,6,6],"15":[0,6]},"meta":{"lastBranch":16,"lastFunction":15,"lastStatement":33,"seen":{"s:15:19:19:Infinity":0,"s:21:21:23:Infinity":1,"s:25:19:27:Infinity":2,"f:40:16:40:25":0,"b:43:15:43:Infinity":0,"s:48:16:48:Infinity":3,"b:48:36:48:51:48:51:48:Infinity":1,"s:49:7:60:Infinity":4,"b:51:10:51:34:51:34:51:Infinity":2,"b:52:9:52:32:52:32:52:Infinity":3,"b:53:9:53:32:53:32:53:Infinity":4,"f:56:12:56:19":1,"s:57:18:57:Infinity":5,"s:58:3:58:Infinity":6,"s:62:1:174:Infinity":7,"f:64:3:64:14":2,"s:65:4:65:Infinity":8,"s:66:4:66:Infinity":9,"f:73:4:73:15":3,"s:74:5:85:Infinity":10,"f:82:7:82:18":4,"s:82:24:82:Infinity":11,"f:92:4:92:15":5,"s:93:5:103:Infinity":12,"f:100:7:100:18":6,"s:100:24:100:Infinity":13,"f:109:4:109:15":7,"s:110:5:126:Infinity":14,"f:114:7:114:23":8,"s:115:8:115:Infinity":15,"b:133:35:133:65:133:65:133:Infinity":5,"f:135:4:135:15":9,"s:136:5:152:Infinity":16,"b:139:10:139:Infinity:140:10:140:Infinity":6,"b:147:14:147:35:147:35:147:Infinity":7,"f:149:7:149:18":10,"s:149:24:149:Infinity":17,"b:158:5:161:Infinity:161:8:161:Infinity":8,"f:163:5:163:16":11,"s:163:22:163:Infinity":18,"f:164:5:164:16":12,"s:165:6:170:Infinity":19,"b:167:17:167:31:167:31:167:45:167:45:167:Infinity":9,"f:178:9:178:20":13,"b:179:1:179:Infinity:undefined:undefined:undefined:undefined":10,"s:179:1:179:Infinity":20,"s:179:21:179:Infinity":21,"s:180:13:189:Infinity":22,"f:181:3:181:8":14,"b:182:3:182:Infinity:undefined:undefined:undefined:undefined":11,"s:182:3:182:Infinity":23,"s:182:11:182:Infinity":24,"b:183:3:183:Infinity:undefined:undefined:undefined:undefined":12,"s:183:3:183:Infinity":25,"s:183:30:183:Infinity":26,"b:184:3:185:Infinity:undefined:undefined:undefined:undefined":13,"s:184:3:185:Infinity":27,"b:184:7:184:32:184:32:184:46:184:46:184:Infinity":14,"s:185:4:185:Infinity":28,"s:186:3:186:Infinity":29,"b:190:1:190:Infinity:undefined:undefined:undefined:undefined":15,"s:190:1:190:Infinity":30,"s:190:11:190:Infinity":31,"s:191:1:191:Infinity":32},"fnNames":{}}}
,"C:\\Users\\jonat\\OneDrive\\Desktop\\prod-log\\src\\lib\\auth.ts": {"path":"C:\\Users\\jonat\\OneDrive\\Desktop\\prod-log\\src\\lib\\auth.ts","statementMap":{"0":{"start":{"line":3,"column":30},"end":{"line":3,"column":null}},"1":{"start":{"line":4,"column":35},"end":{"line":4,"column":null}},"2":{"start":{"line":7,"column":1},"end":{"line":7,"column":null}},"3":{"start":{"line":11,"column":1},"end":{"line":11,"column":null}},"4":{"start":{"line":15,"column":15},"end":{"line":15,"column":null}},"5":{"start":{"line":16,"column":1},"end":{"line":16,"column":null}},"6":{"start":{"line":17,"column":1},"end":{"line":17,"column":null}},"7":{"start":{"line":17,"column":33},"end":{"line":17,"column":64}}},"fnMap":{"0":{"name":"hashPassword","decl":{"start":{"line":6,"column":16},"end":{"line":6,"column":29}},"loc":{"start":{"line":6,"column":44},"end":{"line":8,"column":null}},"line":6},"1":{"name":"verifyPassword","decl":{"start":{"line":10,"column":16},"end":{"line":10,"column":31}},"loc":{"start":{"line":10,"column":60},"end":{"line":12,"column":null}},"line":10},"2":{"name":"generateSessionToken","decl":{"start":{"line":14,"column":16},"end":{"line":14,"column":39}},"loc":{"start":{"line":14,"column":39},"end":{"line":18,"column":null}},"line":14},"3":{"name":"(anonymous_3)","decl":{"start":{"line":17,"column":19},"end":{"line":17,"column":27}},"loc":{"start":{"line":17,"column":33},"end":{"line":17,"column":64}},"line":17}},"branchMap":{},"s":{"0":1,"1":1,"2":2,"3":2,"4":3,"5":3,"6":3,"7":96},"f":{"0":2,"1":2,"2":3,"3":96},"b":{},"meta":{"lastBranch":0,"lastFunction":4,"lastStatement":8,"seen":{"s:3:30:3:Infinity":0,"s:4:35:4:Infinity":1,"f:6:16:6:29":0,"s:7:1:7:Infinity":2,"f:10:16:10:31":1,"s:11:1:11:Infinity":3,"f:14:16:14:39":2,"s:15:15:15:Infinity":4,"s:16:1:16:Infinity":5,"s:17:1:17:Infinity":6,"f:17:19:17:27":3,"s:17:33:17:64":7},"fnNames":{}}}
,"C:\\Users\\jonat\\OneDrive\\Desktop\\prod-log\\src\\lib\\format.ts": {"path":"C:\\Users\\jonat\\OneDrive\\Desktop\\prod-log\\src\\lib\\format.ts","statementMap":{"0":{"start":{"line":1,"column":12},"end":{"line":4,"column":null}},"1":{"start":{"line":7,"column":1},"end":{"line":7,"column":null}},"2":{"start":{"line":11,"column":16},"end":{"line":11,"column":null}},"3":{"start":{"line":12,"column":1},"end":{"line":12,"column":null}}},"fnMap":{"0":{"name":"formatBRL","decl":{"start":{"line":6,"column":16},"end":{"line":6,"column":26}},"loc":{"start":{"line":6,"column":41},"end":{"line":8,"column":null}},"line":6},"1":{"name":"parseBRLInput","decl":{"start":{"line":10,"column":16},"end":{"line":10,"column":30}},"loc":{"start":{"line":10,"column":53},"end":{"line":13,"column":null}},"line":10}},"branchMap":{"0":{"loc":{"start":{"line":12,"column":8},"end":{"line":12,"column":null}},"type":"cond-expr","locations":[{"start":{"line":12,"column":17},"end":{"line":12,"column":47}},{"start":{"line":12,"column":47},"end":{"line":12,"column":null}}],"line":12}},"s":{"0":3,"1":18,"2":7,"3":7},"f":{"0":18,"1":7},"b":{"0":[5,2]},"meta":{"lastBranch":1,"lastFunction":2,"lastStatement":4,"seen":{"s:1:12:4:Infinity":0,"f:6:16:6:26":0,"s:7:1:7:Infinity":1,"f:10:16:10:30":1,"s:11:16:11:Infinity":2,"s:12:1:12:Infinity":3,"b:12:17:12:47:12:47:12:Infinity":0},"fnNames":{}}}
,"C:\\Users\\jonat\\OneDrive\\Desktop\\prod-log\\src\\lib\\utils.ts": {"path":"C:\\Users\\jonat\\OneDrive\\Desktop\\prod-log\\src\\lib\\utils.ts","statementMap":{"0":{"start":{"line":6,"column":1},"end":{"line":6,"column":null}}},"fnMap":{"0":{"name":"cn","decl":{"start":{"line":5,"column":16},"end":{"line":5,"column":19}},"loc":{"start":{"line":5,"column":44},"end":{"line":7,"column":null}},"line":5}},"branchMap":{},"s":{"0":617},"f":{"0":617},"b":{},"meta":{"lastBranch":0,"lastFunction":1,"lastStatement":1,"seen":{"f:5:16:5:19":0,"s:6:1:6:Infinity":0},"fnNames":{}}}
,"C:\\Users\\jonat\\OneDrive\\Desktop\\prod-log\\src\\stores\\theme.ts": {"path":"C:\\Users\\jonat\\OneDrive\\Desktop\\prod-log\\src\\stores\\theme.ts","statementMap":{"0":{"start":{"line":5,"column":20},"end":{"line":5,"column":null}},"1":{"start":{"line":8,"column":1},"end":{"line":8,"column":null}},"2":{"start":{"line":8,"column":36},"end":{"line":8,"column":null}},"3":{"start":{"line":9,"column":16},"end":{"line":9,"column":null}},"4":{"start":{"line":10,"column":1},"end":{"line":10,"column":null}},"5":{"start":{"line":10,"column":46},"end":{"line":10,"column":null}},"6":{"start":{"line":11,"column":1},"end":{"line":13,"column":null}},"7":{"start":{"line":16,"column":26},"end":{"line":16,"column":null}},"8":{"start":{"line":19,"column":1},"end":{"line":19,"column":null}},"9":{"start":{"line":19,"column":38},"end":{"line":19,"column":null}},"10":{"start":{"line":20,"column":1},"end":{"line":20,"column":null}},"11":{"start":{"line":23,"column":0},"end":{"line":30,"column":null}},"12":{"start":{"line":24,"column":1},"end":{"line":24,"column":null}},"13":{"start":{"line":25,"column":1},"end":{"line":29,"column":null}},"14":{"start":{"line":26,"column":15},"end":{"line":26,"column":null}},"15":{"start":{"line":27,"column":2},"end":{"line":27,"column":null}},"16":{"start":{"line":28,"column":2},"end":{"line":28,"column":null}},"17":{"start":{"line":33,"column":1},"end":{"line":33,"column":null}},"18":{"start":{"line":33,"column":29},"end":{"line":33,"column":61}},"19":{"start":{"line":37,"column":1},"end":{"line":37,"column":null}},"20":{"start":{"line":37,"column":27},"end":{"line":37,"column":32}}},"fnMap":{"0":{"name":"readInitial","decl":{"start":{"line":7,"column":9},"end":{"line":7,"column":30}},"loc":{"start":{"line":7,"column":30},"end":{"line":14,"column":null}},"line":7},"1":{"name":"apply","decl":{"start":{"line":18,"column":9},"end":{"line":18,"column":15}},"loc":{"start":{"line":18,"column":29},"end":{"line":21,"column":null}},"line":18},"2":{"name":"(anonymous_2)","decl":{"start":{"line":25,"column":12},"end":{"line":25,"column":28}},"loc":{"start":{"line":25,"column":28},"end":{"line":29,"column":2}},"line":25},"3":{"name":"toggleTheme","decl":{"start":{"line":32,"column":16},"end":{"line":32,"column":30}},"loc":{"start":{"line":32,"column":30},"end":{"line":34,"column":null}},"line":32},"4":{"name":"(anonymous_4)","decl":{"start":{"line":33,"column":12},"end":{"line":33,"column":22}},"loc":{"start":{"line":33,"column":29},"end":{"line":33,"column":61}},"line":33},"5":{"name":"setTheme","decl":{"start":{"line":36,"column":16},"end":{"line":36,"column":25}},"loc":{"start":{"line":36,"column":39},"end":{"line":38,"column":null}},"line":36},"6":{"name":"(anonymous_6)","decl":{"start":{"line":37,"column":12},"end":{"line":37,"column":27}},"loc":{"start":{"line":37,"column":27},"end":{"line":37,"column":32}},"line":37}},"branchMap":{"0":{"loc":{"start":{"line":8,"column":1},"end":{"line":8,"column":null}},"type":"if","locations":[{"start":{"line":8,"column":1},"end":{"line":8,"column":null}},{"start":{},"end":{}}],"line":8},"1":{"loc":{"start":{"line":10,"column":1},"end":{"line":10,"column":null}},"type":"if","locations":[{"start":{"line":10,"column":1},"end":{"line":10,"column":null}},{"start":{},"end":{}}],"line":10},"2":{"loc":{"start":{"line":10,"column":5},"end":{"line":10,"column":46}},"type":"binary-expr","locations":[{"start":{"line":10,"column":5},"end":{"line":10,"column":27}},{"start":{"line":10,"column":27},"end":{"line":10,"column":46}}],"line":10},"3":{"loc":{"start":{"line":11,"column":8},"end":{"line":13,"column":null}},"type":"cond-expr","locations":[{"start":{"line":12,"column":4},"end":{"line":12,"column":null}},{"start":{"line":13,"column":4},"end":{"line":13,"column":null}}],"line":11},"4":{"loc":{"start":{"line":19,"column":1},"end":{"line":19,"column":null}},"type":"if","locations":[{"start":{"line":19,"column":1},"end":{"line":19,"column":null}},{"start":{},"end":{}}],"line":19},"5":{"loc":{"start":{"line":23,"column":0},"end":{"line":30,"column":null}},"type":"if","locations":[{"start":{"line":23,"column":0},"end":{"line":30,"column":null}},{"start":{},"end":{}}],"line":23},"6":{"loc":{"start":{"line":33,"column":29},"end":{"line":33,"column":61}},"type":"cond-expr","locations":[{"start":{"line":33,"column":44},"end":{"line":33,"column":54}},{"start":{"line":33,"column":54},"end":{"line":33,"column":61}}],"line":33}},"s":{"0":6,"1":6,"2":0,"3":6,"4":6,"5":4,"6":2,"7":6,"8":9,"9":0,"10":9,"11":6,"12":6,"13":6,"14":3,"15":3,"16":3,"17":1,"18":1,"19":2,"20":2},"f":{"0":6,"1":9,"2":3,"3":1,"4":1,"5":2,"6":2},"b":{"0":[0,6],"1":[4,2],"2":[6,3],"3":[1,1],"4":[0,9],"5":[6,0],"6":[0,1]},"meta":{"lastBranch":7,"lastFunction":7,"lastStatement":21,"seen":{"s:5:20:5:Infinity":0,"f:7:9:7:30":0,"b:8:1:8:Infinity:undefined:undefined:undefined:undefined":0,"s:8:1:8:Infinity":1,"s:8:36:8:Infinity":2,"s:9:16:9:Infinity":3,"b:10:1:10:Infinity:undefined:undefined:undefined:undefined":1,"s:10:1:10:Infinity":4,"b:10:5:10:27:10:27:10:46":2,"s:10:46:10:Infinity":5,"s:11:1:13:Infinity":6,"b:12:4:12:Infinity:13:4:13:Infinity":3,"s:16:26:16:Infinity":7,"f:18:9:18:15":1,"b:19:1:19:Infinity:undefined:undefined:undefined:undefined":4,"s:19:1:19:Infinity":8,"s:19:38:19:Infinity":9,"s:20:1:20:Infinity":10,"b:23:0:30:Infinity:undefined:undefined:undefined:undefined":5,"s:23:0:30:Infinity":11,"s:24:1:24:Infinity":12,"s:25:1:29:Infinity":13,"f:25:12:25:28":2,"s:26:15:26:Infinity":14,"s:27:2:27:Infinity":15,"s:28:2:28:Infinity":16,"f:32:16:32:30":3,"s:33:1:33:Infinity":17,"f:33:12:33:22":4,"s:33:29:33:61":18,"b:33:44:33:54:33:54:33:61":6,"f:36:16:36:25":5,"s:37:1:37:Infinity":19,"f:37:12:37:27":6,"s:37:27:37:32":20},"fnNames":{}}}
}
